Analysis & Synthesis report for poly_function
Mon Jul 09 15:36:40 2018
Quartus Prime Version 16.0.0 Build 211 04/27/2016 SJ Lite Edition


---------------------
; Table of Contents ;
---------------------
  1. Legal Notice
  2. Analysis & Synthesis Summary
  3. Analysis & Synthesis Settings
  4. Parallel Compilation
  5. Analysis & Synthesis Source Files Read
  6. Analysis & Synthesis Resource Usage Summary
  7. Analysis & Synthesis Resource Utilization by Entity
  8. State Machine - |poly_function|part2:u0|control:C0|current_state
  9. Registers Removed During Synthesis
 10. General Register Statistics
 11. Multiplexer Restructuring Statistics (Restructuring Performed)
 12. Port Connectivity Checks: "hex_decoder:H3"
 13. Port Connectivity Checks: "hex_decoder:H1"
 14. Port Connectivity Checks: "part2:u0|datapath:D0"
 15. Port Connectivity Checks: "part2:u0"
 16. Post-Synthesis Netlist Statistics for Top Partition
 17. Elapsed Time Per Partition
 18. Analysis & Synthesis Messages



----------------
; Legal Notice ;
----------------
Copyright (C) 1991-2016 Altera Corporation. All rights reserved.
Your use of Altera Corporation's design tools, logic functions 
and other software and tools, and its AMPP partner logic 
functions, and any output files from any of the foregoing 
(including device programming or simulation files), and any 
associated documentation or information are expressly subject 
to the terms and conditions of the Altera Program License 
Subscription Agreement, the Altera Quartus Prime License Agreement,
the Altera MegaCore Function License Agreement, or other 
applicable license agreement, including, without limitation, 
that your use is for the sole purpose of programming logic 
devices manufactured by Altera and sold by Altera or its 
authorized distributors.  Please refer to the applicable 
agreement for further details.



+-------------------------------------------------------------------------------+
; Analysis & Synthesis Summary                                                  ;
+---------------------------------+---------------------------------------------+
; Analysis & Synthesis Status     ; Successful - Mon Jul 09 15:36:40 2018       ;
; Quartus Prime Version           ; 16.0.0 Build 211 04/27/2016 SJ Lite Edition ;
; Revision Name                   ; poly_function                               ;
; Top-level Entity Name           ; poly_function                               ;
; Family                          ; Cyclone V                                   ;
; Logic utilization (in ALMs)     ; N/A                                         ;
; Total registers                 ; 47                                          ;
; Total pins                      ; 67                                          ;
; Total virtual pins              ; 0                                           ;
; Total block memory bits         ; 0                                           ;
; Total DSP Blocks                ; 0                                           ;
; Total HSSI RX PCSs              ; 0                                           ;
; Total HSSI PMA RX Deserializers ; 0                                           ;
; Total HSSI TX PCSs              ; 0                                           ;
; Total HSSI PMA TX Serializers   ; 0                                           ;
; Total PLLs                      ; 0                                           ;
; Total DLLs                      ; 0                                           ;
+---------------------------------+---------------------------------------------+


+---------------------------------------------------------------------------------------------------------------------------+
; Analysis & Synthesis Settings                                                                                             ;
+---------------------------------------------------------------------------------+--------------------+--------------------+
; Option                                                                          ; Setting            ; Default Value      ;
+---------------------------------------------------------------------------------+--------------------+--------------------+
; Device                                                                          ; 5CSEMA5F31C6       ;                    ;
; Top-level entity name                                                           ; poly_function      ; poly_function      ;
; Family name                                                                     ; Cyclone V          ; Cyclone V          ;
; Use smart compilation                                                           ; Off                ; Off                ;
; Enable parallel Assembler and TimeQuest Timing Analyzer during compilation      ; On                 ; On                 ;
; Enable compact report table                                                     ; Off                ; Off                ;
; Restructure Multiplexers                                                        ; Auto               ; Auto               ;
; MLAB Add Timing Constraints For Mixed-Port Feed-Through Mode Setting Don't Care ; Off                ; Off                ;
; Create Debugging Nodes for IP Cores                                             ; Off                ; Off                ;
; Preserve fewer node names                                                       ; On                 ; On                 ;
; Disable OpenCore Plus hardware evaluation                                       ; Off                ; Off                ;
; Verilog Version                                                                 ; Verilog_2001       ; Verilog_2001       ;
; VHDL Version                                                                    ; VHDL_1993          ; VHDL_1993          ;
; State Machine Processing                                                        ; Auto               ; Auto               ;
; Safe State Machine                                                              ; Off                ; Off                ;
; Extract Verilog State Machines                                                  ; On                 ; On                 ;
; Extract VHDL State Machines                                                     ; On                 ; On                 ;
; Ignore Verilog initial constructs                                               ; Off                ; Off                ;
; Iteration limit for constant Verilog loops                                      ; 5000               ; 5000               ;
; Iteration limit for non-constant Verilog loops                                  ; 250                ; 250                ;
; Add Pass-Through Logic to Inferred RAMs                                         ; On                 ; On                 ;
; Infer RAMs from Raw Logic                                                       ; On                 ; On                 ;
; Parallel Synthesis                                                              ; On                 ; On                 ;
; DSP Block Balancing                                                             ; Auto               ; Auto               ;
; NOT Gate Push-Back                                                              ; On                 ; On                 ;
; Power-Up Don't Care                                                             ; On                 ; On                 ;
; Remove Redundant Logic Cells                                                    ; Off                ; Off                ;
; Remove Duplicate Registers                                                      ; On                 ; On                 ;
; Ignore CARRY Buffers                                                            ; Off                ; Off                ;
; Ignore CASCADE Buffers                                                          ; Off                ; Off                ;
; Ignore GLOBAL Buffers                                                           ; Off                ; Off                ;
; Ignore ROW GLOBAL Buffers                                                       ; Off                ; Off                ;
; Ignore LCELL Buffers                                                            ; Off                ; Off                ;
; Ignore SOFT Buffers                                                             ; On                 ; On                 ;
; Limit AHDL Integers to 32 Bits                                                  ; Off                ; Off                ;
; Optimization Technique                                                          ; Balanced           ; Balanced           ;
; Carry Chain Length                                                              ; 70                 ; 70                 ;
; Auto Carry Chains                                                               ; On                 ; On                 ;
; Auto Open-Drain Pins                                                            ; On                 ; On                 ;
; Perform WYSIWYG Primitive Resynthesis                                           ; Off                ; Off                ;
; Auto ROM Replacement                                                            ; On                 ; On                 ;
; Auto RAM Replacement                                                            ; On                 ; On                 ;
; Auto DSP Block Replacement                                                      ; On                 ; On                 ;
; Auto Shift Register Replacement                                                 ; Auto               ; Auto               ;
; Allow Shift Register Merging across Hierarchies                                 ; Auto               ; Auto               ;
; Auto Clock Enable Replacement                                                   ; On                 ; On                 ;
; Strict RAM Replacement                                                          ; Off                ; Off                ;
; Allow Synchronous Control Signals                                               ; On                 ; On                 ;
; Force Use of Synchronous Clear Signals                                          ; Off                ; Off                ;
; Auto Resource Sharing                                                           ; Off                ; Off                ;
; Allow Any RAM Size For Recognition                                              ; Off                ; Off                ;
; Allow Any ROM Size For Recognition                                              ; Off                ; Off                ;
; Allow Any Shift Register Size For Recognition                                   ; Off                ; Off                ;
; Use LogicLock Constraints during Resource Balancing                             ; On                 ; On                 ;
; Ignore translate_off and synthesis_off directives                               ; Off                ; Off                ;
; Timing-Driven Synthesis                                                         ; On                 ; On                 ;
; Report Parameter Settings                                                       ; On                 ; On                 ;
; Report Source Assignments                                                       ; On                 ; On                 ;
; Report Connectivity Checks                                                      ; On                 ; On                 ;
; Ignore Maximum Fan-Out Assignments                                              ; Off                ; Off                ;
; Synchronization Register Chain Length                                           ; 3                  ; 3                  ;
; PowerPlay Power Optimization During Synthesis                                   ; Normal compilation ; Normal compilation ;
; HDL message level                                                               ; Level2             ; Level2             ;
; Suppress Register Optimization Related Messages                                 ; Off                ; Off                ;
; Number of Removed Registers Reported in Synthesis Report                        ; 5000               ; 5000               ;
; Number of Swept Nodes Reported in Synthesis Report                              ; 5000               ; 5000               ;
; Number of Inverted Registers Reported in Synthesis Report                       ; 100                ; 100                ;
; Clock MUX Protection                                                            ; On                 ; On                 ;
; Auto Gated Clock Conversion                                                     ; Off                ; Off                ;
; Block Design Naming                                                             ; Auto               ; Auto               ;
; SDC constraint protection                                                       ; Off                ; Off                ;
; Synthesis Effort                                                                ; Auto               ; Auto               ;
; Shift Register Replacement - Allow Asynchronous Clear Signal                    ; On                 ; On                 ;
; Pre-Mapping Resynthesis Optimization                                            ; Off                ; Off                ;
; Analysis & Synthesis Message Level                                              ; Medium             ; Medium             ;
; Disable Register Merging Across Hierarchies                                     ; Auto               ; Auto               ;
; Resource Aware Inference For Block RAM                                          ; On                 ; On                 ;
; Synthesis Seed                                                                  ; 1                  ; 1                  ;
; Automatic Parallel Synthesis                                                    ; On                 ; On                 ;
; Partial Reconfiguration Bitstream ID                                            ; Off                ; Off                ;
+---------------------------------------------------------------------------------+--------------------+--------------------+


Parallel compilation was disabled, but you have multiple processors available. Enable parallel compilation to reduce compilation time.
+-------------------------------------+
; Parallel Compilation                ;
+----------------------------+--------+
; Processors                 ; Number ;
+----------------------------+--------+
; Number detected on machine ; 8      ;
; Maximum allowed            ; 1      ;
+----------------------------+--------+


+---------------------------------------------------------------------------------------------------------------------------------------------+
; Analysis & Synthesis Source Files Read                                                                                                      ;
+----------------------------------+-----------------+------------------------+-----------------------------------------------------+---------+
; File Name with User-Entered Path ; Used in Netlist ; File Type              ; File Name with Absolute Path                        ; Library ;
+----------------------------------+-----------------+------------------------+-----------------------------------------------------+---------+
; poly_function.v                  ; yes             ; User Verilog HDL File  ; D:/University/CSC258/Lab/Lab6/Part3/poly_function.v ;         ;
+----------------------------------+-----------------+------------------------+-----------------------------------------------------+---------+


+------------------------------------------------------------+
; Analysis & Synthesis Resource Usage Summary                ;
+---------------------------------------------+--------------+
; Resource                                    ; Usage        ;
+---------------------------------------------+--------------+
; Estimate of Logic utilization (ALMs needed) ; 48           ;
;                                             ;              ;
; Combinational ALUT usage for logic          ; 91           ;
;     -- 7 input functions                    ; 0            ;
;     -- 6 input functions                    ; 5            ;
;     -- 5 input functions                    ; 5            ;
;     -- 4 input functions                    ; 37           ;
;     -- <=3 input functions                  ; 44           ;
;                                             ;              ;
; Dedicated logic registers                   ; 47           ;
;                                             ;              ;
; I/O pins                                    ; 67           ;
;                                             ;              ;
; Total DSP Blocks                            ; 0            ;
;                                             ;              ;
; Maximum fan-out node                        ; KEY[0]~input ;
; Maximum fan-out                             ; 48           ;
; Total fan-out                               ; 531          ;
; Average fan-out                             ; 1.95         ;
+---------------------------------------------+--------------+


+-------------------------------------------------------------------------------------------------------------------------------------------------------------------------------------------+
; Analysis & Synthesis Resource Utilization by Entity                                                                                                                                       ;
+----------------------------+-------------------+--------------+-------------------+------------+------+--------------+-------------------------------------+---------------+--------------+
; Compilation Hierarchy Node ; LC Combinationals ; LC Registers ; Block Memory Bits ; DSP Blocks ; Pins ; Virtual Pins ; Full Hierarchy Name                 ; Entity Name   ; Library Name ;
+----------------------------+-------------------+--------------+-------------------+------------+------+--------------+-------------------------------------+---------------+--------------+
; |poly_function             ; 91 (0)            ; 47 (0)       ; 0                 ; 0          ; 67   ; 0            ; |poly_function                      ; poly_function ; work         ;
;    |hex_decoder:H0|        ; 7 (7)             ; 0 (0)        ; 0                 ; 0          ; 0    ; 0            ; |poly_function|hex_decoder:H0       ; hex_decoder   ; work         ;
;    |hex_decoder:H2|        ; 7 (7)             ; 0 (0)        ; 0                 ; 0          ; 0    ; 0            ; |poly_function|hex_decoder:H2       ; hex_decoder   ; work         ;
;    |hex_decoder:H4|        ; 7 (7)             ; 0 (0)        ; 0                 ; 0          ; 0    ; 0            ; |poly_function|hex_decoder:H4       ; hex_decoder   ; work         ;
;    |hex_decoder:H5|        ; 7 (7)             ; 0 (0)        ; 0                 ; 0          ; 0    ; 0            ; |poly_function|hex_decoder:H5       ; hex_decoder   ; work         ;
;    |part2:u0|              ; 63 (0)            ; 47 (0)       ; 0                 ; 0          ; 0    ; 0            ; |poly_function|part2:u0             ; part2         ; work         ;
;       |control:C0|         ; 33 (33)           ; 29 (29)      ; 0                 ; 0          ; 0    ; 0            ; |poly_function|part2:u0|control:C0  ; control       ; work         ;
;       |datapath:D0|        ; 30 (30)           ; 18 (18)      ; 0                 ; 0          ; 0    ; 0            ; |poly_function|part2:u0|datapath:D0 ; datapath      ; work         ;
+----------------------------+-------------------+--------------+-------------------+------------+------+--------------+-------------------------------------+---------------+--------------+
Note: For table entries with two numbers listed, the numbers in parentheses indicate the number of resources of the given type used by the specific entity alone. The numbers listed outside of parentheses indicate the total resources of the given type used by the specific entity and all of its sub-entities in the hierarchy.


Encoding Type:  One-Hot
+------------------------------------------------------------------------------------------------------------------------------------------------------------------------------------------------------------------------------------------------------------------------------------------------------------------------------------------------------------------------------------------------------------------------------------------------------------------------------------------------------------------------------------------------------------------------------------------------------------------------------------------------------------------------------------------------------------------------------------------------------------------------------------------------------------------------------------------------------+
; State Machine - |poly_function|part2:u0|control:C0|current_state                                                                                                                                                                                                                                                                                                                                                                                                                                                                                                                                                                                                                                                                                                                                                                                     ;
+---------------------------------+--------------------+-----------------------+-----------------------+---------------------------------+----------------------------+-----------------------------+-------------------------+-----------------------+-----------------------+---------------------------------+----------------------------+-----------------------------+-------------------------+-----------------------+-----------------------+---------------------------------+----------------------------+-----------------------------+-------------------------+-----------------------+-----------------------+---------------------------------+----------------------------+-----------------------------+-------------------------+----------------------+-----------------------+----------------------------+-----------------------+
; Name                            ; current_state.done ; current_state.S_SET_4 ; current_state.S_ADD_4 ; current_state.S_SUBTRACT_4_SAVE ; current_state.S_SUBTRACT_4 ; current_state.S_SHIFT_4_DIV ; current_state.S_SHIFT_4 ; current_state.S_SET_3 ; current_state.S_ADD_3 ; current_state.S_SUBTRACT_3_SAVE ; current_state.S_SUBTRACT_3 ; current_state.S_SHIFT_3_DIV ; current_state.S_SHIFT_3 ; current_state.S_SET_2 ; current_state.S_ADD_2 ; current_state.S_SUBTRACT_2_SAVE ; current_state.S_SUBTRACT_2 ; current_state.S_SHIFT_2_DIV ; current_state.S_SHIFT_2 ; current_state.S_SET_1 ; current_state.S_ADD_1 ; current_state.S_SUBTRACT_1_SAVE ; current_state.S_SUBTRACT_1 ; current_state.S_SHIFT_1_DIV ; current_state.S_SHIFT_1 ; current_state.S_LOAD ; current_state.S_CLEAR ; current_state.S_START_WAIT ; current_state.S_START ;
+---------------------------------+--------------------+-----------------------+-----------------------+---------------------------------+----------------------------+-----------------------------+-------------------------+-----------------------+-----------------------+---------------------------------+----------------------------+-----------------------------+-------------------------+-----------------------+-----------------------+---------------------------------+----------------------------+-----------------------------+-------------------------+-----------------------+-----------------------+---------------------------------+----------------------------+-----------------------------+-------------------------+----------------------+-----------------------+----------------------------+-----------------------+
; current_state.S_START           ; 0                  ; 0                     ; 0                     ; 0                               ; 0                          ; 0                           ; 0                       ; 0                     ; 0                     ; 0                               ; 0                          ; 0                           ; 0                       ; 0                     ; 0                     ; 0                               ; 0                          ; 0                           ; 0                       ; 0                     ; 0                     ; 0                               ; 0                          ; 0                           ; 0                       ; 0                    ; 0                     ; 0                          ; 0                     ;
; current_state.S_START_WAIT      ; 0                  ; 0                     ; 0                     ; 0                               ; 0                          ; 0                           ; 0                       ; 0                     ; 0                     ; 0                               ; 0                          ; 0                           ; 0                       ; 0                     ; 0                     ; 0                               ; 0                          ; 0                           ; 0                       ; 0                     ; 0                     ; 0                               ; 0                          ; 0                           ; 0                       ; 0                    ; 0                     ; 1                          ; 1                     ;
; current_state.S_CLEAR           ; 0                  ; 0                     ; 0                     ; 0                               ; 0                          ; 0                           ; 0                       ; 0                     ; 0                     ; 0                               ; 0                          ; 0                           ; 0                       ; 0                     ; 0                     ; 0                               ; 0                          ; 0                           ; 0                       ; 0                     ; 0                     ; 0                               ; 0                          ; 0                           ; 0                       ; 0                    ; 1                     ; 0                          ; 1                     ;
; current_state.S_LOAD            ; 0                  ; 0                     ; 0                     ; 0                               ; 0                          ; 0                           ; 0                       ; 0                     ; 0                     ; 0                               ; 0                          ; 0                           ; 0                       ; 0                     ; 0                     ; 0                               ; 0                          ; 0                           ; 0                       ; 0                     ; 0                     ; 0                               ; 0                          ; 0                           ; 0                       ; 1                    ; 0                     ; 0                          ; 1                     ;
; current_state.S_SHIFT_1         ; 0                  ; 0                     ; 0                     ; 0                               ; 0                          ; 0                           ; 0                       ; 0                     ; 0                     ; 0                               ; 0                          ; 0                           ; 0                       ; 0                     ; 0                     ; 0                               ; 0                          ; 0                           ; 0                       ; 0                     ; 0                     ; 0                               ; 0                          ; 0                           ; 1                       ; 0                    ; 0                     ; 0                          ; 1                     ;
; current_state.S_SHIFT_1_DIV     ; 0                  ; 0                     ; 0                     ; 0                               ; 0                          ; 0                           ; 0                       ; 0                     ; 0                     ; 0                               ; 0                          ; 0                           ; 0                       ; 0                     ; 0                     ; 0                               ; 0                          ; 0                           ; 0                       ; 0                     ; 0                     ; 0                               ; 0                          ; 1                           ; 0                       ; 0                    ; 0                     ; 0                          ; 1                     ;
; current_state.S_SUBTRACT_1      ; 0                  ; 0                     ; 0                     ; 0                               ; 0                          ; 0                           ; 0                       ; 0                     ; 0                     ; 0                               ; 0                          ; 0                           ; 0                       ; 0                     ; 0                     ; 0                               ; 0                          ; 0                           ; 0                       ; 0                     ; 0                     ; 0                               ; 1                          ; 0                           ; 0                       ; 0                    ; 0                     ; 0                          ; 1                     ;
; current_state.S_SUBTRACT_1_SAVE ; 0                  ; 0                     ; 0                     ; 0                               ; 0                          ; 0                           ; 0                       ; 0                     ; 0                     ; 0                               ; 0                          ; 0                           ; 0                       ; 0                     ; 0                     ; 0                               ; 0                          ; 0                           ; 0                       ; 0                     ; 0                     ; 1                               ; 0                          ; 0                           ; 0                       ; 0                    ; 0                     ; 0                          ; 1                     ;
; current_state.S_ADD_1           ; 0                  ; 0                     ; 0                     ; 0                               ; 0                          ; 0                           ; 0                       ; 0                     ; 0                     ; 0                               ; 0                          ; 0                           ; 0                       ; 0                     ; 0                     ; 0                               ; 0                          ; 0                           ; 0                       ; 0                     ; 1                     ; 0                               ; 0                          ; 0                           ; 0                       ; 0                    ; 0                     ; 0                          ; 1                     ;
; current_state.S_SET_1           ; 0                  ; 0                     ; 0                     ; 0                               ; 0                          ; 0                           ; 0                       ; 0                     ; 0                     ; 0                               ; 0                          ; 0                           ; 0                       ; 0                     ; 0                     ; 0                               ; 0                          ; 0                           ; 0                       ; 1                     ; 0                     ; 0                               ; 0                          ; 0                           ; 0                       ; 0                    ; 0                     ; 0                          ; 1                     ;
; current_state.S_SHIFT_2         ; 0                  ; 0                     ; 0                     ; 0                               ; 0                          ; 0                           ; 0                       ; 0                     ; 0                     ; 0                               ; 0                          ; 0                           ; 0                       ; 0                     ; 0                     ; 0                               ; 0                          ; 0                           ; 1                       ; 0                     ; 0                     ; 0                               ; 0                          ; 0                           ; 0                       ; 0                    ; 0                     ; 0                          ; 1                     ;
; current_state.S_SHIFT_2_DIV     ; 0                  ; 0                     ; 0                     ; 0                               ; 0                          ; 0                           ; 0                       ; 0                     ; 0                     ; 0                               ; 0                          ; 0                           ; 0                       ; 0                     ; 0                     ; 0                               ; 0                          ; 1                           ; 0                       ; 0                     ; 0                     ; 0                               ; 0                          ; 0                           ; 0                       ; 0                    ; 0                     ; 0                          ; 1                     ;
; current_state.S_SUBTRACT_2      ; 0                  ; 0                     ; 0                     ; 0                               ; 0                          ; 0                           ; 0                       ; 0                     ; 0                     ; 0                               ; 0                          ; 0                           ; 0                       ; 0                     ; 0                     ; 0                               ; 1                          ; 0                           ; 0                       ; 0                     ; 0                     ; 0                               ; 0                          ; 0                           ; 0                       ; 0                    ; 0                     ; 0                          ; 1                     ;
; current_state.S_SUBTRACT_2_SAVE ; 0                  ; 0                     ; 0                     ; 0                               ; 0                          ; 0                           ; 0                       ; 0                     ; 0                     ; 0                               ; 0                          ; 0                           ; 0                       ; 0                     ; 0                     ; 1                               ; 0                          ; 0                           ; 0                       ; 0                     ; 0                     ; 0                               ; 0                          ; 0                           ; 0                       ; 0                    ; 0                     ; 0                          ; 1                     ;
; current_state.S_ADD_2           ; 0                  ; 0                     ; 0                     ; 0                               ; 0                          ; 0                           ; 0                       ; 0                     ; 0                     ; 0                               ; 0                          ; 0                           ; 0                       ; 0                     ; 1                     ; 0                               ; 0                          ; 0                           ; 0                       ; 0                     ; 0                     ; 0                               ; 0                          ; 0                           ; 0                       ; 0                    ; 0                     ; 0                          ; 1                     ;
; current_state.S_SET_2           ; 0                  ; 0                     ; 0                     ; 0                               ; 0                          ; 0                           ; 0                       ; 0                     ; 0                     ; 0                               ; 0                          ; 0                           ; 0                       ; 1                     ; 0                     ; 0                               ; 0                          ; 0                           ; 0                       ; 0                     ; 0                     ; 0                               ; 0                          ; 0                           ; 0                       ; 0                    ; 0                     ; 0                          ; 1                     ;
; current_state.S_SHIFT_3         ; 0                  ; 0                     ; 0                     ; 0                               ; 0                          ; 0                           ; 0                       ; 0                     ; 0                     ; 0                               ; 0                          ; 0                           ; 1                       ; 0                     ; 0                     ; 0                               ; 0                          ; 0                           ; 0                       ; 0                     ; 0                     ; 0                               ; 0                          ; 0                           ; 0                       ; 0                    ; 0                     ; 0                          ; 1                     ;
; current_state.S_SHIFT_3_DIV     ; 0                  ; 0                     ; 0                     ; 0                               ; 0                          ; 0                           ; 0                       ; 0                     ; 0                     ; 0                               ; 0                          ; 1                           ; 0                       ; 0                     ; 0                     ; 0                               ; 0                          ; 0                           ; 0                       ; 0                     ; 0                     ; 0                               ; 0                          ; 0                           ; 0                       ; 0                    ; 0                     ; 0                          ; 1                     ;
; current_state.S_SUBTRACT_3      ; 0                  ; 0                     ; 0                     ; 0                               ; 0                          ; 0                           ; 0                       ; 0                     ; 0                     ; 0                               ; 1                          ; 0                           ; 0                       ; 0                     ; 0                     ; 0                               ; 0                          ; 0                           ; 0                       ; 0                     ; 0                     ; 0                               ; 0                          ; 0                           ; 0                       ; 0                    ; 0                     ; 0                          ; 1                     ;
; current_state.S_SUBTRACT_3_SAVE ; 0                  ; 0                     ; 0                     ; 0                               ; 0                          ; 0                           ; 0                       ; 0                     ; 0                     ; 1                               ; 0                          ; 0                           ; 0                       ; 0                     ; 0                     ; 0                               ; 0                          ; 0                           ; 0                       ; 0                     ; 0                     ; 0                               ; 0                          ; 0                           ; 0                       ; 0                    ; 0                     ; 0                          ; 1                     ;
; current_state.S_ADD_3           ; 0                  ; 0                     ; 0                     ; 0                               ; 0                          ; 0                           ; 0                       ; 0                     ; 1                     ; 0                               ; 0                          ; 0                           ; 0                       ; 0                     ; 0                     ; 0                               ; 0                          ; 0                           ; 0                       ; 0                     ; 0                     ; 0                               ; 0                          ; 0                           ; 0                       ; 0                    ; 0                     ; 0                          ; 1                     ;
; current_state.S_SET_3           ; 0                  ; 0                     ; 0                     ; 0                               ; 0                          ; 0                           ; 0                       ; 1                     ; 0                     ; 0                               ; 0                          ; 0                           ; 0                       ; 0                     ; 0                     ; 0                               ; 0                          ; 0                           ; 0                       ; 0                     ; 0                     ; 0                               ; 0                          ; 0                           ; 0                       ; 0                    ; 0                     ; 0                          ; 1                     ;
; current_state.S_SHIFT_4         ; 0                  ; 0                     ; 0                     ; 0                               ; 0                          ; 0                           ; 1                       ; 0                     ; 0                     ; 0                               ; 0                          ; 0                           ; 0                       ; 0                     ; 0                     ; 0                               ; 0                          ; 0                           ; 0                       ; 0                     ; 0                     ; 0                               ; 0                          ; 0                           ; 0                       ; 0                    ; 0                     ; 0                          ; 1                     ;
; current_state.S_SHIFT_4_DIV     ; 0                  ; 0                     ; 0                     ; 0                               ; 0                          ; 1                           ; 0                       ; 0                     ; 0                     ; 0                               ; 0                          ; 0                           ; 0                       ; 0                     ; 0                     ; 0                               ; 0                          ; 0                           ; 0                       ; 0                     ; 0                     ; 0                               ; 0                          ; 0                           ; 0                       ; 0                    ; 0                     ; 0                          ; 1                     ;
; current_state.S_SUBTRACT_4      ; 0                  ; 0                     ; 0                     ; 0                               ; 1                          ; 0                           ; 0                       ; 0                     ; 0                     ; 0                               ; 0                          ; 0                           ; 0                       ; 0                     ; 0                     ; 0                               ; 0                          ; 0                           ; 0                       ; 0                     ; 0                     ; 0                               ; 0                          ; 0                           ; 0                       ; 0                    ; 0                     ; 0                          ; 1                     ;
; current_state.S_SUBTRACT_4_SAVE ; 0                  ; 0                     ; 0                     ; 1                               ; 0                          ; 0                           ; 0                       ; 0                     ; 0                     ; 0                               ; 0                          ; 0                           ; 0                       ; 0                     ; 0                     ; 0                               ; 0                          ; 0                           ; 0                       ; 0                     ; 0                     ; 0                               ; 0                          ; 0                           ; 0                       ; 0                    ; 0                     ; 0                          ; 1                     ;
; current_state.S_ADD_4           ; 0                  ; 0                     ; 1                     ; 0                               ; 0                          ; 0                           ; 0                       ; 0                     ; 0                     ; 0                               ; 0                          ; 0                           ; 0                       ; 0                     ; 0                     ; 0                               ; 0                          ; 0                           ; 0                       ; 0                     ; 0                     ; 0                               ; 0                          ; 0                           ; 0                       ; 0                    ; 0                     ; 0                          ; 1                     ;
; current_state.S_SET_4           ; 0                  ; 1                     ; 0                     ; 0                               ; 0                          ; 0                           ; 0                       ; 0                     ; 0                     ; 0                               ; 0                          ; 0                           ; 0                       ; 0                     ; 0                     ; 0                               ; 0                          ; 0                           ; 0                       ; 0                     ; 0                     ; 0                               ; 0                          ; 0                           ; 0                       ; 0                    ; 0                     ; 0                          ; 1                     ;
; current_state.done              ; 1                  ; 0                     ; 0                     ; 0                               ; 0                          ; 0                           ; 0                       ; 0                     ; 0                     ; 0                               ; 0                          ; 0                           ; 0                       ; 0                     ; 0                     ; 0                               ; 0                          ; 0                           ; 0                       ; 0                     ; 0                     ; 0                               ; 0                          ; 0                           ; 0                       ; 0                    ; 0                     ; 0                          ; 1                     ;
+---------------------------------+--------------------+-----------------------+-----------------------+---------------------------------+----------------------------+-----------------------------+-------------------------+-----------------------+-----------------------+---------------------------------+----------------------------+-----------------------------+-------------------------+-----------------------+-----------------------+---------------------------------+----------------------------+-----------------------------+-------------------------+-----------------------+-----------------------+---------------------------------+----------------------------+-----------------------------+-------------------------+----------------------+-----------------------+----------------------------+-----------------------+


+--------------------------------------------------------------------------------+
; Registers Removed During Synthesis                                             ;
+---------------------------------------+----------------------------------------+
; Register name                         ; Reason for Removal                     ;
+---------------------------------------+----------------------------------------+
; part2:u0|datapath:D0|divisor[4]       ; Stuck at GND due to stuck port data_in ;
; part2:u0|control:C0|current_state~2   ; Lost fanout                            ;
; part2:u0|control:C0|current_state~3   ; Lost fanout                            ;
; part2:u0|control:C0|current_state~4   ; Lost fanout                            ;
; part2:u0|control:C0|current_state~5   ; Lost fanout                            ;
; part2:u0|control:C0|current_state~6   ; Lost fanout                            ;
; Total Number of Removed Registers = 6 ;                                        ;
+---------------------------------------+----------------------------------------+


+------------------------------------------------------+
; General Register Statistics                          ;
+----------------------------------------------+-------+
; Statistic                                    ; Value ;
+----------------------------------------------+-------+
; Total registers                              ; 47    ;
; Number of registers using Synchronous Clear  ; 4     ;
; Number of registers using Synchronous Load   ; 4     ;
; Number of registers using Asynchronous Clear ; 0     ;
; Number of registers using Asynchronous Load  ; 0     ;
; Number of registers using Clock Enable       ; 15    ;
; Number of registers using Preset             ; 0     ;
+----------------------------------------------+-------+


+------------------------------------------------------------------------------------------------------------------------------------------------------------------+
; Multiplexer Restructuring Statistics (Restructuring Performed)                                                                                                   ;
+--------------------+-----------+---------------+----------------------+------------------------+------------+----------------------------------------------------+
; Multiplexer Inputs ; Bus Width ; Baseline Area ; Area if Restructured ; Saving if Restructured ; Registered ; Example Multiplexer Output                         ;
+--------------------+-----------+---------------+----------------------+------------------------+------------+----------------------------------------------------+
; 3:1                ; 4 bits    ; 8 LEs         ; 4 LEs                ; 4 LEs                  ; Yes        ; |poly_function|part2:u0|datapath:D0|divisor[0]     ;
; 3:1                ; 4 bits    ; 8 LEs         ; 4 LEs                ; 4 LEs                  ; Yes        ; |poly_function|part2:u0|datapath:D0|data_result[2] ;
; 4:1                ; 3 bits    ; 6 LEs         ; 6 LEs                ; 0 LEs                  ; Yes        ; |poly_function|part2:u0|datapath:D0|dividend[3]    ;
; 5:1                ; 4 bits    ; 12 LEs        ; 8 LEs                ; 4 LEs                  ; Yes        ; |poly_function|part2:u0|datapath:D0|registerA[0]   ;
+--------------------+-----------+---------------+----------------------+------------------------+------------+----------------------------------------------------+


+---------------------------------------------+
; Port Connectivity Checks: "hex_decoder:H3"  ;
+-----------+-------+----------+--------------+
; Port      ; Type  ; Severity ; Details      ;
+-----------+-------+----------+--------------+
; hex_digit ; Input ; Info     ; Stuck at GND ;
+-----------+-------+----------+--------------+


+---------------------------------------------+
; Port Connectivity Checks: "hex_decoder:H1"  ;
+-----------+-------+----------+--------------+
; Port      ; Type  ; Severity ; Details      ;
+-----------+-------+----------+--------------+
; hex_digit ; Input ; Info     ; Stuck at GND ;
+-----------+-------+----------+--------------+


+--------------------------------------------------+
; Port Connectivity Checks: "part2:u0|datapath:D0" ;
+---------------+-------+----------+---------------+
; Port          ; Type  ; Severity ; Details       ;
+---------------+-------+----------+---------------+
; divisor_in[4] ; Input ; Info     ; Stuck at GND  ;
+---------------+-------+----------+---------------+


+------------------------------------------------------------------------------------------------------------------------+
; Port Connectivity Checks: "part2:u0"                                                                                   ;
+--------------+--------+----------+-------------------------------------------------------------------------------------+
; Port         ; Type   ; Severity ; Details                                                                             ;
+--------------+--------+----------+-------------------------------------------------------------------------------------+
; remainder[4] ; Output ; Info     ; Connected to dangling logic. Logic that only feeds a dangling port will be removed. ;
+--------------+--------+----------+-------------------------------------------------------------------------------------+


+-----------------------------------------------------+
; Post-Synthesis Netlist Statistics for Top Partition ;
+-----------------------+-----------------------------+
; Type                  ; Count                       ;
+-----------------------+-----------------------------+
; arriav_ff             ; 47                          ;
;     ENA               ; 11                          ;
;     ENA SCLR SLD      ; 4                           ;
;     plain             ; 32                          ;
; arriav_lcell_comb     ; 97                          ;
;     arith             ; 6                           ;
;         1 data inputs ; 1                           ;
;         2 data inputs ; 1                           ;
;         3 data inputs ; 4                           ;
;     normal            ; 91                          ;
;         0 data inputs ; 2                           ;
;         1 data inputs ; 4                           ;
;         2 data inputs ; 26                          ;
;         3 data inputs ; 12                          ;
;         4 data inputs ; 37                          ;
;         5 data inputs ; 5                           ;
;         6 data inputs ; 5                           ;
; boundary_port         ; 67                          ;
;                       ;                             ;
; Max LUT depth         ; 3.50                        ;
; Average LUT depth     ; 1.64                        ;
+-----------------------+-----------------------------+


+-------------------------------+
; Elapsed Time Per Partition    ;
+----------------+--------------+
; Partition Name ; Elapsed Time ;
+----------------+--------------+
; Top            ; 00:00:00     ;
+----------------+--------------+


+-------------------------------+
; Analysis & Synthesis Messages ;
+-------------------------------+
Info: *******************************************************************
Info: Running Quartus Prime Analysis & Synthesis
    Info: Version 16.0.0 Build 211 04/27/2016 SJ Lite Edition
    Info: Processing started: Mon Jul 09 15:36:29 2018
Info: Command: quartus_map --read_settings_files=on --write_settings_files=off poly_function -c poly_function
Warning (20028): Parallel compilation is not licensed and has been disabled
Info (12021): Found 5 design units, including 5 entities, in source file poly_function.v
    Info (12023): Found entity 1: poly_function File: D:/University/CSC258/Lab/Lab6/Part3/poly_function.v Line: 10
    Info (12023): Found entity 2: part2 File: D:/University/CSC258/Lab/Lab6/Part3/poly_function.v Line: 68
    Info (12023): Found entity 3: control File: D:/University/CSC258/Lab/Lab6/Part3/poly_function.v Line: 122
    Info (12023): Found entity 4: datapath File: D:/University/CSC258/Lab/Lab6/Part3/poly_function.v Line: 323
    Info (12023): Found entity 5: hex_decoder File: D:/University/CSC258/Lab/Lab6/Part3/poly_function.v Line: 430
Info (12127): Elaborating entity "poly_function" for the top level hierarchy
Warning (10034): Output port "LEDR[9..4]" at poly_function.v(14) has no driver File: D:/University/CSC258/Lab/Lab6/Part3/poly_function.v Line: 14
Info (12128): Elaborating entity "part2" for hierarchy "part2:u0" File: D:/University/CSC258/Lab/Lab6/Part3/poly_function.v Line: 32
Info (12128): Elaborating entity "control" for hierarchy "part2:u0|control:C0" File: D:/University/CSC258/Lab/Lab6/Part3/poly_function.v Line: 97
Warning (10270): Verilog HDL Case Statement warning at poly_function.v(218): incomplete case statement has no default case item File: D:/University/CSC258/Lab/Lab6/Part3/poly_function.v Line: 218
Info (10264): Verilog HDL Case Statement information at poly_function.v(218): all case item expressions in this case statement are onehot File: D:/University/CSC258/Lab/Lab6/Part3/poly_function.v Line: 218
Info (12128): Elaborating entity "datapath" for hierarchy "part2:u0|datapath:D0" File: D:/University/CSC258/Lab/Lab6/Part3/poly_function.v Line: 117
Info (12128): Elaborating entity "hex_decoder" for hierarchy "hex_decoder:H0" File: D:/University/CSC258/Lab/Lab6/Part3/poly_function.v Line: 39
Warning (13024): Output pins are stuck at VCC or GND
    Warning (13410): Pin "LEDR[4]" is stuck at GND File: D:/University/CSC258/Lab/Lab6/Part3/poly_function.v Line: 14
    Warning (13410): Pin "LEDR[5]" is stuck at GND File: D:/University/CSC258/Lab/Lab6/Part3/poly_function.v Line: 14
    Warning (13410): Pin "LEDR[6]" is stuck at GND File: D:/University/CSC258/Lab/Lab6/Part3/poly_function.v Line: 14
    Warning (13410): Pin "LEDR[7]" is stuck at GND File: D:/University/CSC258/Lab/Lab6/Part3/poly_function.v Line: 14
    Warning (13410): Pin "LEDR[8]" is stuck at GND File: D:/University/CSC258/Lab/Lab6/Part3/poly_function.v Line: 14
    Warning (13410): Pin "LEDR[9]" is stuck at GND File: D:/University/CSC258/Lab/Lab6/Part3/poly_function.v Line: 14
    Warning (13410): Pin "HEX1[0]" is stuck at GND File: D:/University/CSC258/Lab/Lab6/Part3/poly_function.v Line: 15
    Warning (13410): Pin "HEX1[1]" is stuck at GND File: D:/University/CSC258/Lab/Lab6/Part3/poly_function.v Line: 15
    Warning (13410): Pin "HEX1[2]" is stuck at GND File: D:/University/CSC258/Lab/Lab6/Part3/poly_function.v Line: 15
    Warning (13410): Pin "HEX1[3]" is stuck at GND File: D:/University/CSC258/Lab/Lab6/Part3/poly_function.v Line: 15
    Warning (13410): Pin "HEX1[4]" is stuck at GND File: D:/University/CSC258/Lab/Lab6/Part3/poly_function.v Line: 15
    Warning (13410): Pin "HEX1[5]" is stuck at GND File: D:/University/CSC258/Lab/Lab6/Part3/poly_function.v Line: 15
    Warning (13410): Pin "HEX1[6]" is stuck at VCC File: D:/University/CSC258/Lab/Lab6/Part3/poly_function.v Line: 15
    Warning (13410): Pin "HEX3[0]" is stuck at GND File: D:/University/CSC258/Lab/Lab6/Part3/poly_function.v Line: 15
    Warning (13410): Pin "HEX3[1]" is stuck at GND File: D:/University/CSC258/Lab/Lab6/Part3/poly_function.v Line: 15
    Warning (13410): Pin "HEX3[2]" is stuck at GND File: D:/University/CSC258/Lab/Lab6/Part3/poly_function.v Line: 15
    Warning (13410): Pin "HEX3[3]" is stuck at GND File: D:/University/CSC258/Lab/Lab6/Part3/poly_function.v Line: 15
    Warning (13410): Pin "HEX3[4]" is stuck at GND File: D:/University/CSC258/Lab/Lab6/Part3/poly_function.v Line: 15
    Warning (13410): Pin "HEX3[5]" is stuck at GND File: D:/University/CSC258/Lab/Lab6/Part3/poly_function.v Line: 15
    Warning (13410): Pin "HEX3[6]" is stuck at VCC File: D:/University/CSC258/Lab/Lab6/Part3/poly_function.v Line: 15
Info (286030): Timing-Driven Synthesis is running
Info (17049): 5 registers lost all their fanouts during netlist optimizations.
Info (16010): Generating hard_block partition "hard_block:auto_generated_inst"
    Info (16011): Adding 0 node(s), including 0 DDIO, 0 PLL, 0 transceiver and 0 LCELL
Warning (21074): Design contains 4 input pin(s) that do not drive logic
    Warning (15610): No output dependent on input pin "SW[8]" File: D:/University/CSC258/Lab/Lab6/Part3/poly_function.v Line: 11
    Warning (15610): No output dependent on input pin "SW[9]" File: D:/University/CSC258/Lab/Lab6/Part3/poly_function.v Line: 11
    Warning (15610): No output dependent on input pin "KEY[2]" File: D:/University/CSC258/Lab/Lab6/Part3/poly_function.v Line: 12
    Warning (15610): No output dependent on input pin "KEY[3]" File: D:/University/CSC258/Lab/Lab6/Part3/poly_function.v Line: 12
Info (21057): Implemented 158 device resources after synthesis - the final resource count might be different
    Info (21058): Implemented 15 input pins
    Info (21059): Implemented 52 output pins
    Info (21061): Implemented 91 logic cells
Info: Quartus Prime Analysis & Synthesis was successful. 0 errors, 29 warnings
    Info: Peak virtual memory: 945 megabytes
    Info: Processing ended: Mon Jul 09 15:36:40 2018
    Info: Elapsed time: 00:00:11
    Info: Total CPU time (on all processors): 00:00:25


