Flow report for morse_encoder_main
Thu Oct 17 12:57:02 2019
Quartus Prime Version 18.1.0 Build 625 09/12/2018 SJ Lite Edition


---------------------
; Table of Contents ;
---------------------
  1. Legal Notice
  2. Flow Summary
  3. Flow Settings
  4. Flow Non-Default Global Settings
  5. Flow Elapsed Time
  6. Flow OS Summary
  7. Flow Log
  8. Flow Messages
  9. Flow Suppressed Messages



----------------
; Legal Notice ;
----------------
Copyright (C) 2018  Intel Corporation. All rights reserved.
Your use of Intel Corporation's design tools, logic functions 
and other software and tools, and its AMPP partner logic 
functions, and any output files from any of the foregoing 
(including device programming or simulation files), and any 
associated documentation or information are expressly subject 
to the terms and conditions of the Intel Program License 
Subscription Agreement, the Intel Quartus Prime License Agreement,
the Intel FPGA IP License Agreement, or other applicable license
agreement, including, without limitation, that your use is for
the sole purpose of programming logic devices manufactured by
Intel and sold by Intel or its authorized distributors.  Please
refer to the applicable agreement for further details.



+-------------------------------------------------------------------------------+
; Flow Summary                                                                  ;
+---------------------------------+---------------------------------------------+
; Flow Status                     ; Successful - Thu Oct 17 12:57:02 2019       ;
; Quartus Prime Version           ; 18.1.0 Build 625 09/12/2018 SJ Lite Edition ;
; Revision Name                   ; morse_encoder_main                          ;
; Top-level Entity Name           ; morse_encoder_main                          ;
; Family                          ; Cyclone V                                   ;
; Device                          ; 5CSEMA5F31C6                                ;
; Timing Models                   ; Final                                       ;
; Logic utilization (in ALMs)     ; 37 / 32,070 ( < 1 % )                       ;
; Total registers                 ; 41                                          ;
; Total pins                      ; 16 / 457 ( 4 % )                            ;
; Total virtual pins              ; 0                                           ;
; Total block memory bits         ; 0 / 4,065,280 ( 0 % )                       ;
; Total DSP Blocks                ; 0 / 87 ( 0 % )                              ;
; Total HSSI RX PCSs              ; 0                                           ;
; Total HSSI PMA RX Deserializers ; 0                                           ;
; Total HSSI TX PCSs              ; 0                                           ;
; Total HSSI PMA TX Serializers   ; 0                                           ;
; Total PLLs                      ; 0 / 6 ( 0 % )                               ;
; Total DLLs                      ; 0 / 4 ( 0 % )                               ;
+---------------------------------+---------------------------------------------+


+-----------------------------------------+
; Flow Settings                           ;
+-------------------+---------------------+
; Option            ; Setting             ;
+-------------------+---------------------+
; Start date & time ; 10/17/2019 12:55:47 ;
; Main task         ; Compilation         ;
; Revision Name     ; morse_encoder_main  ;
+-------------------+---------------------+


+-----------------------------------------------------------------------------------------------------------------------------+
; Flow Non-Default Global Settings                                                                                            ;
+-------------------------------------+----------------------------------------+---------------+-------------+----------------+
; Assignment Name                     ; Value                                  ; Default Value ; Entity Name ; Section Id     ;
+-------------------------------------+----------------------------------------+---------------+-------------+----------------+
; COMPILER_SIGNATURE_ID               ; 84440840840785.157133134728792         ; --            ; --          ; --             ;
; EDA_OUTPUT_DATA_FORMAT              ; Verilog Hdl                            ; --            ; --          ; eda_simulation ;
; EDA_SIMULATION_TOOL                 ; ModelSim-Altera (Verilog)              ; <None>        ; --          ; --             ;
; EDA_TIME_SCALE                      ; 1 ps                                   ; --            ; --          ; eda_simulation ;
; MAX_CORE_JUNCTION_TEMP              ; 85                                     ; --            ; --          ; --             ;
; MIN_CORE_JUNCTION_TEMP              ; 0                                      ; --            ; --          ; --             ;
; PARTITION_COLOR                     ; -- (Not supported for targeted family) ; --            ; --          ; Top            ;
; PARTITION_FITTER_PRESERVATION_LEVEL ; -- (Not supported for targeted family) ; --            ; --          ; Top            ;
; PARTITION_NETLIST_TYPE              ; -- (Not supported for targeted family) ; --            ; --          ; Top            ;
; PROJECT_OUTPUT_DIRECTORY            ; output_files                           ; --            ; --          ; --             ;
+-------------------------------------+----------------------------------------+---------------+-------------+----------------+


+--------------------------------------------------------------------------------------------------------------------------+
; Flow Elapsed Time                                                                                                        ;
+----------------------+--------------+-------------------------+---------------------+------------------------------------+
; Module Name          ; Elapsed Time ; Average Processors Used ; Peak Virtual Memory ; Total CPU Time (on all processors) ;
+----------------------+--------------+-------------------------+---------------------+------------------------------------+
; Analysis & Synthesis ; 00:00:15     ; 1.0                     ; 1006 MB             ; 00:00:23                           ;
; Fitter               ; 00:00:33     ; 1.0                     ; 2414 MB             ; 00:00:51                           ;
; Assembler            ; 00:00:08     ; 1.0                     ; 968 MB              ; 00:00:06                           ;
; Timing Analyzer      ; 00:00:09     ; 1.0                     ; 1199 MB             ; 00:00:05                           ;
; EDA Netlist Writer   ; 00:00:02     ; 1.0                     ; 1143 MB             ; 00:00:01                           ;
; Total                ; 00:01:07     ; --                      ; --                  ; 00:01:26                           ;
+----------------------+--------------+-------------------------+---------------------+------------------------------------+


+----------------------------------------------------------------------------------------+
; Flow OS Summary                                                                        ;
+----------------------+------------------+----------------+------------+----------------+
; Module Name          ; Machine Hostname ; OS Name        ; OS Version ; Processor type ;
+----------------------+------------------+----------------+------------+----------------+
; Analysis & Synthesis ; b2210-24         ; Ubuntu 18.04.3 ; 18         ; x86_64         ;
; Fitter               ; b2210-24         ; Ubuntu 18.04.3 ; 18         ; x86_64         ;
; Assembler            ; b2210-24         ; Ubuntu 18.04.3 ; 18         ; x86_64         ;
; Timing Analyzer      ; b2210-24         ; Ubuntu 18.04.3 ; 18         ; x86_64         ;
; EDA Netlist Writer   ; b2210-24         ; Ubuntu 18.04.3 ; 18         ; x86_64         ;
+----------------------+------------------+----------------+------------+----------------+


------------
; Flow Log ;
------------
quartus_map --read_settings_files=on --write_settings_files=off morse_encoder_main -c morse_encoder_main
quartus_fit --read_settings_files=off --write_settings_files=off morse_encoder_main -c morse_encoder_main
quartus_asm --read_settings_files=off --write_settings_files=off morse_encoder_main -c morse_encoder_main
quartus_sta morse_encoder_main -c morse_encoder_main
quartus_eda --read_settings_files=off --write_settings_files=off morse_encoder_main -c morse_encoder_main



