Analysis & Synthesis report for morse_encoder_main
Thu Oct 17 12:56:02 2019
Quartus Prime Version 18.1.0 Build 625 09/12/2018 SJ Lite Edition


---------------------
; Table of Contents ;
---------------------
  1. Legal Notice
  2. Analysis & Synthesis Summary
  3. Analysis & Synthesis Settings
  4. Parallel Compilation
  5. Analysis & Synthesis Source Files Read
  6. Analysis & Synthesis Resource Usage Summary
  7. Analysis & Synthesis Resource Utilization by Entity
  8. General Register Statistics
  9. Multiplexer Restructuring Statistics (Restructuring Performed)
 10. Port Connectivity Checks: "shift_register:block2|ShifterBit:sb8"
 11. Port Connectivity Checks: "shift_register:block2|ShifterBit:sb12"
 12. Post-Synthesis Netlist Statistics for Top Partition
 13. Elapsed Time Per Partition
 14. Analysis & Synthesis Messages



----------------
; Legal Notice ;
----------------
Copyright (C) 2018  Intel Corporation. All rights reserved.
Your use of Intel Corporation's design tools, logic functions 
and other software and tools, and its AMPP partner logic 
functions, and any output files from any of the foregoing 
(including device programming or simulation files), and any 
associated documentation or information are expressly subject 
to the terms and conditions of the Intel Program License 
Subscription Agreement, the Intel Quartus Prime License Agreement,
the Intel FPGA IP License Agreement, or other applicable license
agreement, including, without limitation, that your use is for
the sole purpose of programming logic devices manufactured by
Intel and sold by Intel or its authorized distributors.  Please
refer to the applicable agreement for further details.



+-------------------------------------------------------------------------------+
; Analysis & Synthesis Summary                                                  ;
+---------------------------------+---------------------------------------------+
; Analysis & Synthesis Status     ; Successful - Thu Oct 17 12:56:02 2019       ;
; Quartus Prime Version           ; 18.1.0 Build 625 09/12/2018 SJ Lite Edition ;
; Revision Name                   ; morse_encoder_main                          ;
; Top-level Entity Name           ; morse_encoder_main                          ;
; Family                          ; Cyclone V                                   ;
; Logic utilization (in ALMs)     ; N/A                                         ;
; Total registers                 ; 41                                          ;
; Total pins                      ; 16                                          ;
; Total virtual pins              ; 0                                           ;
; Total block memory bits         ; 0                                           ;
; Total DSP Blocks                ; 0                                           ;
; Total HSSI RX PCSs              ; 0                                           ;
; Total HSSI PMA RX Deserializers ; 0                                           ;
; Total HSSI TX PCSs              ; 0                                           ;
; Total HSSI PMA TX Serializers   ; 0                                           ;
; Total PLLs                      ; 0                                           ;
; Total DLLs                      ; 0                                           ;
+---------------------------------+---------------------------------------------+


+---------------------------------------------------------------------------------------------------------------------------+
; Analysis & Synthesis Settings                                                                                             ;
+---------------------------------------------------------------------------------+--------------------+--------------------+
; Option                                                                          ; Setting            ; Default Value      ;
+---------------------------------------------------------------------------------+--------------------+--------------------+
; Device                                                                          ; 5CSEMA5F31C6       ;                    ;
; Top-level entity name                                                           ; morse_encoder_main ; morse_encoder_main ;
; Family name                                                                     ; Cyclone V          ; Cyclone V          ;
; Use smart compilation                                                           ; Off                ; Off                ;
; Enable parallel Assembler and Timing Analyzer during compilation                ; On                 ; On                 ;
; Enable compact report table                                                     ; Off                ; Off                ;
; Restructure Multiplexers                                                        ; Auto               ; Auto               ;
; MLAB Add Timing Constraints For Mixed-Port Feed-Through Mode Setting Don't Care ; Off                ; Off                ;
; Create Debugging Nodes for IP Cores                                             ; Off                ; Off                ;
; Preserve fewer node names                                                       ; On                 ; On                 ;
; Intel FPGA IP Evaluation Mode                                                   ; Enable             ; Enable             ;
; Verilog Version                                                                 ; Verilog_2001       ; Verilog_2001       ;
; VHDL Version                                                                    ; VHDL_1993          ; VHDL_1993          ;
; State Machine Processing                                                        ; Auto               ; Auto               ;
; Safe State Machine                                                              ; Off                ; Off                ;
; Extract Verilog State Machines                                                  ; On                 ; On                 ;
; Extract VHDL State Machines                                                     ; On                 ; On                 ;
; Ignore Verilog initial constructs                                               ; Off                ; Off                ;
; Iteration limit for constant Verilog loops                                      ; 5000               ; 5000               ;
; Iteration limit for non-constant Verilog loops                                  ; 250                ; 250                ;
; Add Pass-Through Logic to Inferred RAMs                                         ; On                 ; On                 ;
; Infer RAMs from Raw Logic                                                       ; On                 ; On                 ;
; Parallel Synthesis                                                              ; On                 ; On                 ;
; DSP Block Balancing                                                             ; Auto               ; Auto               ;
; NOT Gate Push-Back                                                              ; On                 ; On                 ;
; Power-Up Don't Care                                                             ; On                 ; On                 ;
; Remove Redundant Logic Cells                                                    ; Off                ; Off                ;
; Remove Duplicate Registers                                                      ; On                 ; On                 ;
; Ignore CARRY Buffers                                                            ; Off                ; Off                ;
; Ignore CASCADE Buffers                                                          ; Off                ; Off                ;
; Ignore GLOBAL Buffers                                                           ; Off                ; Off                ;
; Ignore ROW GLOBAL Buffers                                                       ; Off                ; Off                ;
; Ignore LCELL Buffers                                                            ; Off                ; Off                ;
; Ignore SOFT Buffers                                                             ; On                 ; On                 ;
; Limit AHDL Integers to 32 Bits                                                  ; Off                ; Off                ;
; Optimization Technique                                                          ; Balanced           ; Balanced           ;
; Carry Chain Length                                                              ; 70                 ; 70                 ;
; Auto Carry Chains                                                               ; On                 ; On                 ;
; Auto Open-Drain Pins                                                            ; On                 ; On                 ;
; Perform WYSIWYG Primitive Resynthesis                                           ; Off                ; Off                ;
; Auto ROM Replacement                                                            ; On                 ; On                 ;
; Auto RAM Replacement                                                            ; On                 ; On                 ;
; Auto DSP Block Replacement                                                      ; On                 ; On                 ;
; Auto Shift Register Replacement                                                 ; Auto               ; Auto               ;
; Allow Shift Register Merging across Hierarchies                                 ; Auto               ; Auto               ;
; Auto Clock Enable Replacement                                                   ; On                 ; On                 ;
; Strict RAM Replacement                                                          ; Off                ; Off                ;
; Allow Synchronous Control Signals                                               ; On                 ; On                 ;
; Force Use of Synchronous Clear Signals                                          ; Off                ; Off                ;
; Auto Resource Sharing                                                           ; Off                ; Off                ;
; Allow Any RAM Size For Recognition                                              ; Off                ; Off                ;
; Allow Any ROM Size For Recognition                                              ; Off                ; Off                ;
; Allow Any Shift Register Size For Recognition                                   ; Off                ; Off                ;
; Use LogicLock Constraints during Resource Balancing                             ; On                 ; On                 ;
; Ignore translate_off and synthesis_off directives                               ; Off                ; Off                ;
; Timing-Driven Synthesis                                                         ; On                 ; On                 ;
; Report Parameter Settings                                                       ; On                 ; On                 ;
; Report Source Assignments                                                       ; On                 ; On                 ;
; Report Connectivity Checks                                                      ; On                 ; On                 ;
; Ignore Maximum Fan-Out Assignments                                              ; Off                ; Off                ;
; Synchronization Register Chain Length                                           ; 3                  ; 3                  ;
; Power Optimization During Synthesis                                             ; Normal compilation ; Normal compilation ;
; HDL message level                                                               ; Level2             ; Level2             ;
; Suppress Register Optimization Related Messages                                 ; Off                ; Off                ;
; Number of Removed Registers Reported in Synthesis Report                        ; 5000               ; 5000               ;
; Number of Swept Nodes Reported in Synthesis Report                              ; 5000               ; 5000               ;
; Number of Inverted Registers Reported in Synthesis Report                       ; 100                ; 100                ;
; Clock MUX Protection                                                            ; On                 ; On                 ;
; Auto Gated Clock Conversion                                                     ; Off                ; Off                ;
; Block Design Naming                                                             ; Auto               ; Auto               ;
; SDC constraint protection                                                       ; Off                ; Off                ;
; Synthesis Effort                                                                ; Auto               ; Auto               ;
; Shift Register Replacement - Allow Asynchronous Clear Signal                    ; On                 ; On                 ;
; Pre-Mapping Resynthesis Optimization                                            ; Off                ; Off                ;
; Analysis & Synthesis Message Level                                              ; Medium             ; Medium             ;
; Disable Register Merging Across Hierarchies                                     ; Auto               ; Auto               ;
; Resource Aware Inference For Block RAM                                          ; On                 ; On                 ;
; Automatic Parallel Synthesis                                                    ; On                 ; On                 ;
; Partial Reconfiguration Bitstream ID                                            ; Off                ; Off                ;
+---------------------------------------------------------------------------------+--------------------+--------------------+


+------------------------------------------+
; Parallel Compilation                     ;
+----------------------------+-------------+
; Processors                 ; Number      ;
+----------------------------+-------------+
; Number detected on machine ; 4           ;
; Maximum allowed            ; 4           ;
;                            ;             ;
; Average used               ; 1.00        ;
; Maximum used               ; 4           ;
;                            ;             ;
; Usage by Processor         ; % Time Used ;
;     Processor 1            ; 100.0%      ;
;     Processors 2-4         ;   0.0%      ;
+----------------------------+-------------+


+------------------------------------------------------------------------------------------------------------------------------------------------------------------------+
; Analysis & Synthesis Source Files Read                                                                                                                                 ;
+----------------------------------+-----------------+------------------------------+--------------------------------------------------------------------------+---------+
; File Name with User-Entered Path ; Used in Netlist ; File Type                    ; File Name with Absolute Path                                             ; Library ;
+----------------------------------+-----------------+------------------------------+--------------------------------------------------------------------------+---------+
; morse_encoder_main.v             ; yes             ; Auto-Found Verilog HDL File  ; /h/u10/c7/00/xiatingf/Desktop/csc258labs/Lab5/part3/morse_encoder_main.v ;         ;
+----------------------------------+-----------------+------------------------------+--------------------------------------------------------------------------+---------+


+--------------------------------------------------------------+
; Analysis & Synthesis Resource Usage Summary                  ;
+---------------------------------------------+----------------+
; Resource                                    ; Usage          ;
+---------------------------------------------+----------------+
; Estimate of Logic utilization (ALMs needed) ; 37             ;
;                                             ;                ;
; Combinational ALUT usage for logic          ; 68             ;
;     -- 7 input functions                    ; 0              ;
;     -- 6 input functions                    ; 6              ;
;     -- 5 input functions                    ; 13             ;
;     -- 4 input functions                    ; 3              ;
;     -- <=3 input functions                  ; 46             ;
;                                             ;                ;
; Dedicated logic registers                   ; 41             ;
;                                             ;                ;
; I/O pins                                    ; 16             ;
;                                             ;                ;
; Total DSP Blocks                            ; 0              ;
;                                             ;                ;
; Maximum fan-out node                        ; CLOCK_50~input ;
; Maximum fan-out                             ; 41             ;
; Total fan-out                               ; 373            ;
; Average fan-out                             ; 2.65           ;
+---------------------------------------------+----------------+


+-----------------------------------------------------------------------------------------------------------------------------------------------------------------------------------------------------------------------------------------------------+
; Analysis & Synthesis Resource Utilization by Entity                                                                                                                                                                                                 ;
+----------------------------+---------------------+---------------------------+-------------------+------------+------+--------------+---------------------------------------------------------------------------+--------------------+--------------+
; Compilation Hierarchy Node ; Combinational ALUTs ; Dedicated Logic Registers ; Block Memory Bits ; DSP Blocks ; Pins ; Virtual Pins ; Full Hierarchy Name                                                       ; Entity Name        ; Library Name ;
+----------------------------+---------------------+---------------------------+-------------------+------------+------+--------------+---------------------------------------------------------------------------+--------------------+--------------+
; |morse_encoder_main        ; 68 (8)              ; 41 (0)                    ; 0                 ; 0          ; 16   ; 0            ; |morse_encoder_main                                                       ; morse_encoder_main ; work         ;
;    |LUT:block0|            ; 4 (4)               ; 0 (0)                     ; 0                 ; 0          ; 0    ; 0            ; |morse_encoder_main|LUT:block0                                            ; LUT                ; work         ;
;    |rate_divider:block1|   ; 46 (46)             ; 28 (28)                   ; 0                 ; 0          ; 0    ; 0            ; |morse_encoder_main|rate_divider:block1                                   ; rate_divider       ; work         ;
;    |shift_register:block2| ; 10 (0)              ; 13 (0)                    ; 0                 ; 0          ; 0    ; 0            ; |morse_encoder_main|shift_register:block2                                 ; shift_register     ; work         ;
;       |ShifterBit:sb0|     ; 1 (0)               ; 1 (0)                     ; 0                 ; 0          ; 0    ; 0            ; |morse_encoder_main|shift_register:block2|ShifterBit:sb0                  ; ShifterBit         ; work         ;
;          |d_flip_flop:dff| ; 0 (0)               ; 1 (1)                     ; 0                 ; 0          ; 0    ; 0            ; |morse_encoder_main|shift_register:block2|ShifterBit:sb0|d_flip_flop:dff  ; d_flip_flop        ; work         ;
;          |mux2to1:mux2|    ; 1 (1)               ; 0 (0)                     ; 0                 ; 0          ; 0    ; 0            ; |morse_encoder_main|shift_register:block2|ShifterBit:sb0|mux2to1:mux2     ; mux2to1            ; work         ;
;       |ShifterBit:sb10|    ; 1 (0)               ; 1 (0)                     ; 0                 ; 0          ; 0    ; 0            ; |morse_encoder_main|shift_register:block2|ShifterBit:sb10                 ; ShifterBit         ; work         ;
;          |d_flip_flop:dff| ; 0 (0)               ; 1 (1)                     ; 0                 ; 0          ; 0    ; 0            ; |morse_encoder_main|shift_register:block2|ShifterBit:sb10|d_flip_flop:dff ; d_flip_flop        ; work         ;
;          |mux2to1:mux2|    ; 1 (1)               ; 0 (0)                     ; 0                 ; 0          ; 0    ; 0            ; |morse_encoder_main|shift_register:block2|ShifterBit:sb10|mux2to1:mux2    ; mux2to1            ; work         ;
;       |ShifterBit:sb11|    ; 1 (0)               ; 1 (0)                     ; 0                 ; 0          ; 0    ; 0            ; |morse_encoder_main|shift_register:block2|ShifterBit:sb11                 ; ShifterBit         ; work         ;
;          |d_flip_flop:dff| ; 0 (0)               ; 1 (1)                     ; 0                 ; 0          ; 0    ; 0            ; |morse_encoder_main|shift_register:block2|ShifterBit:sb11|d_flip_flop:dff ; d_flip_flop        ; work         ;
;          |mux2to1:mux2|    ; 1 (1)               ; 0 (0)                     ; 0                 ; 0          ; 0    ; 0            ; |morse_encoder_main|shift_register:block2|ShifterBit:sb11|mux2to1:mux2    ; mux2to1            ; work         ;
;       |ShifterBit:sb12|    ; 2 (0)               ; 1 (0)                     ; 0                 ; 0          ; 0    ; 0            ; |morse_encoder_main|shift_register:block2|ShifterBit:sb12                 ; ShifterBit         ; work         ;
;          |d_flip_flop:dff| ; 0 (0)               ; 1 (1)                     ; 0                 ; 0          ; 0    ; 0            ; |morse_encoder_main|shift_register:block2|ShifterBit:sb12|d_flip_flop:dff ; d_flip_flop        ; work         ;
;          |mux2to1:mux2|    ; 2 (2)               ; 0 (0)                     ; 0                 ; 0          ; 0    ; 0            ; |morse_encoder_main|shift_register:block2|ShifterBit:sb12|mux2to1:mux2    ; mux2to1            ; work         ;
;       |ShifterBit:sb1|     ; 1 (0)               ; 1 (0)                     ; 0                 ; 0          ; 0    ; 0            ; |morse_encoder_main|shift_register:block2|ShifterBit:sb1                  ; ShifterBit         ; work         ;
;          |d_flip_flop:dff| ; 0 (0)               ; 1 (1)                     ; 0                 ; 0          ; 0    ; 0            ; |morse_encoder_main|shift_register:block2|ShifterBit:sb1|d_flip_flop:dff  ; d_flip_flop        ; work         ;
;          |mux2to1:mux2|    ; 1 (1)               ; 0 (0)                     ; 0                 ; 0          ; 0    ; 0            ; |morse_encoder_main|shift_register:block2|ShifterBit:sb1|mux2to1:mux2     ; mux2to1            ; work         ;
;       |ShifterBit:sb2|     ; 1 (0)               ; 1 (0)                     ; 0                 ; 0          ; 0    ; 0            ; |morse_encoder_main|shift_register:block2|ShifterBit:sb2                  ; ShifterBit         ; work         ;
;          |d_flip_flop:dff| ; 0 (0)               ; 1 (1)                     ; 0                 ; 0          ; 0    ; 0            ; |morse_encoder_main|shift_register:block2|ShifterBit:sb2|d_flip_flop:dff  ; d_flip_flop        ; work         ;
;          |mux2to1:mux2|    ; 1 (1)               ; 0 (0)                     ; 0                 ; 0          ; 0    ; 0            ; |morse_encoder_main|shift_register:block2|ShifterBit:sb2|mux2to1:mux2     ; mux2to1            ; work         ;
;       |ShifterBit:sb3|     ; 0 (0)               ; 1 (0)                     ; 0                 ; 0          ; 0    ; 0            ; |morse_encoder_main|shift_register:block2|ShifterBit:sb3                  ; ShifterBit         ; work         ;
;          |d_flip_flop:dff| ; 0 (0)               ; 1 (1)                     ; 0                 ; 0          ; 0    ; 0            ; |morse_encoder_main|shift_register:block2|ShifterBit:sb3|d_flip_flop:dff  ; d_flip_flop        ; work         ;
;       |ShifterBit:sb4|     ; 0 (0)               ; 1 (0)                     ; 0                 ; 0          ; 0    ; 0            ; |morse_encoder_main|shift_register:block2|ShifterBit:sb4                  ; ShifterBit         ; work         ;
;          |d_flip_flop:dff| ; 0 (0)               ; 1 (1)                     ; 0                 ; 0          ; 0    ; 0            ; |morse_encoder_main|shift_register:block2|ShifterBit:sb4|d_flip_flop:dff  ; d_flip_flop        ; work         ;
;       |ShifterBit:sb5|     ; 1 (0)               ; 1 (0)                     ; 0                 ; 0          ; 0    ; 0            ; |morse_encoder_main|shift_register:block2|ShifterBit:sb5                  ; ShifterBit         ; work         ;
;          |d_flip_flop:dff| ; 0 (0)               ; 1 (1)                     ; 0                 ; 0          ; 0    ; 0            ; |morse_encoder_main|shift_register:block2|ShifterBit:sb5|d_flip_flop:dff  ; d_flip_flop        ; work         ;
;          |mux2to1:mux2|    ; 1 (1)               ; 0 (0)                     ; 0                 ; 0          ; 0    ; 0            ; |morse_encoder_main|shift_register:block2|ShifterBit:sb5|mux2to1:mux2     ; mux2to1            ; work         ;
;       |ShifterBit:sb6|     ; 0 (0)               ; 1 (0)                     ; 0                 ; 0          ; 0    ; 0            ; |morse_encoder_main|shift_register:block2|ShifterBit:sb6                  ; ShifterBit         ; work         ;
;          |d_flip_flop:dff| ; 0 (0)               ; 1 (1)                     ; 0                 ; 0          ; 0    ; 0            ; |morse_encoder_main|shift_register:block2|ShifterBit:sb6|d_flip_flop:dff  ; d_flip_flop        ; work         ;
;       |ShifterBit:sb7|     ; 1 (0)               ; 1 (0)                     ; 0                 ; 0          ; 0    ; 0            ; |morse_encoder_main|shift_register:block2|ShifterBit:sb7                  ; ShifterBit         ; work         ;
;          |d_flip_flop:dff| ; 0 (0)               ; 1 (1)                     ; 0                 ; 0          ; 0    ; 0            ; |morse_encoder_main|shift_register:block2|ShifterBit:sb7|d_flip_flop:dff  ; d_flip_flop        ; work         ;
;          |mux2to1:mux2|    ; 1 (1)               ; 0 (0)                     ; 0                 ; 0          ; 0    ; 0            ; |morse_encoder_main|shift_register:block2|ShifterBit:sb7|mux2to1:mux2     ; mux2to1            ; work         ;
;       |ShifterBit:sb8|     ; 1 (0)               ; 1 (0)                     ; 0                 ; 0          ; 0    ; 0            ; |morse_encoder_main|shift_register:block2|ShifterBit:sb8                  ; ShifterBit         ; work         ;
;          |d_flip_flop:dff| ; 0 (0)               ; 1 (1)                     ; 0                 ; 0          ; 0    ; 0            ; |morse_encoder_main|shift_register:block2|ShifterBit:sb8|d_flip_flop:dff  ; d_flip_flop        ; work         ;
;          |mux2to1:mux2|    ; 1 (1)               ; 0 (0)                     ; 0                 ; 0          ; 0    ; 0            ; |morse_encoder_main|shift_register:block2|ShifterBit:sb8|mux2to1:mux2     ; mux2to1            ; work         ;
;       |ShifterBit:sb9|     ; 0 (0)               ; 1 (0)                     ; 0                 ; 0          ; 0    ; 0            ; |morse_encoder_main|shift_register:block2|ShifterBit:sb9                  ; ShifterBit         ; work         ;
;          |d_flip_flop:dff| ; 0 (0)               ; 1 (1)                     ; 0                 ; 0          ; 0    ; 0            ; |morse_encoder_main|shift_register:block2|ShifterBit:sb9|d_flip_flop:dff  ; d_flip_flop        ; work         ;
+----------------------------+---------------------+---------------------------+-------------------+------------+------+--------------+---------------------------------------------------------------------------+--------------------+--------------+
Note: For table entries with two numbers listed, the numbers in parentheses indicate the number of resources of the given type used by the specific entity alone. The numbers listed outside of parentheses indicate the total resources of the given type used by the specific entity and all of its sub-entities in the hierarchy.


+------------------------------------------------------+
; General Register Statistics                          ;
+----------------------------------------------+-------+
; Statistic                                    ; Value ;
+----------------------------------------------+-------+
; Total registers                              ; 41    ;
; Number of registers using Synchronous Clear  ; 11    ;
; Number of registers using Synchronous Load   ; 9     ;
; Number of registers using Asynchronous Clear ; 13    ;
; Number of registers using Asynchronous Load  ; 0     ;
; Number of registers using Clock Enable       ; 13    ;
; Number of registers using Preset             ; 0     ;
+----------------------------------------------+-------+


+-------------------------------------------------------------------------------------------------------------------------------------------------------------------------------------------+
; Multiplexer Restructuring Statistics (Restructuring Performed)                                                                                                                            ;
+--------------------+-----------+---------------+----------------------+------------------------+------------+-----------------------------------------------------------------------------+
; Multiplexer Inputs ; Bus Width ; Baseline Area ; Area if Restructured ; Saving if Restructured ; Registered ; Example Multiplexer Output                                                  ;
+--------------------+-----------+---------------+----------------------+------------------------+------------+-----------------------------------------------------------------------------+
; 3:1                ; 5 bits    ; 10 LEs        ; 5 LEs                ; 5 LEs                  ; Yes        ; |morse_encoder_main|shift_register:block2|ShifterBit:sb11|d_flip_flop:dff|q ;
; 3:1                ; 11 bits   ; 22 LEs        ; 0 LEs                ; 22 LEs                 ; Yes        ; |morse_encoder_main|rate_divider:block1|count[9]                            ;
; 3:1                ; 17 bits   ; 34 LEs        ; 34 LEs               ; 0 LEs                  ; Yes        ; |morse_encoder_main|rate_divider:block1|count[18]                           ;
; 10:1               ; 5 bits    ; 30 LEs        ; 30 LEs               ; 0 LEs                  ; Yes        ; |morse_encoder_main|shift_register:block2|ShifterBit:sb5|d_flip_flop:dff|q  ;
+--------------------+-----------+---------------+----------------------+------------------------+------------+-----------------------------------------------------------------------------+


+--------------------------------------------------------------------------------------------------------------------------------------------------------------------------+
; Port Connectivity Checks: "shift_register:block2|ShifterBit:sb8"                                                                                                         ;
+--------+-------+----------+----------------------------------------------------------------------------------------------------------------------------------------------+
; Port   ; Type  ; Severity ; Details                                                                                                                                      ;
+--------+-------+----------+----------------------------------------------------------------------------------------------------------------------------------------------+
; enable ; Input ; Warning  ; Declared by entity but not connected by instance. If a default value exists, it will be used.  Otherwise, the port will be connected to GND. ;
+--------+-------+----------+----------------------------------------------------------------------------------------------------------------------------------------------+


+----------------------------------------------------------------------------------------------------------------------------------------------------------------------------------------------------------------+
; Port Connectivity Checks: "shift_register:block2|ShifterBit:sb12"                                                                                                                                              ;
+--------+-------+----------+------------------------------------------------------------------------------------------------------------------------------------------------------------------------------------+
; Port   ; Type  ; Severity ; Details                                                                                                                                                                            ;
+--------+-------+----------+------------------------------------------------------------------------------------------------------------------------------------------------------------------------------------+
; in     ; Input ; Warning  ; Input port expression (32 bits) is wider than the input port (1 bits) it drives.  The 31 most-significant bit(s) in the expression will be dangling if they have no other fanouts. ;
; in[-1] ; Input ; Info     ; Stuck at GND                                                                                                                                                                       ;
+--------+-------+----------+------------------------------------------------------------------------------------------------------------------------------------------------------------------------------------+


+-----------------------------------------------------+
; Post-Synthesis Netlist Statistics for Top Partition ;
+-----------------------+-----------------------------+
; Type                  ; Count                       ;
+-----------------------+-----------------------------+
; arriav_ff             ; 41                          ;
;     ENA CLR           ; 4                           ;
;     ENA CLR SLD       ; 9                           ;
;     SCLR              ; 11                          ;
;     plain             ; 17                          ;
; arriav_lcell_comb     ; 69                          ;
;     arith             ; 28                          ;
;         1 data inputs ; 28                          ;
;     normal            ; 41                          ;
;         0 data inputs ; 1                           ;
;         2 data inputs ; 3                           ;
;         3 data inputs ; 15                          ;
;         4 data inputs ; 3                           ;
;         5 data inputs ; 13                          ;
;         6 data inputs ; 6                           ;
; boundary_port         ; 16                          ;
;                       ;                             ;
; Max LUT depth         ; 4.40                        ;
; Average LUT depth     ; 2.81                        ;
+-----------------------+-----------------------------+


+-------------------------------+
; Elapsed Time Per Partition    ;
+----------------+--------------+
; Partition Name ; Elapsed Time ;
+----------------+--------------+
; Top            ; 00:00:00     ;
+----------------+--------------+


+-------------------------------+
; Analysis & Synthesis Messages ;
+-------------------------------+
Info: *******************************************************************
Info: Running Quartus Prime Analysis & Synthesis
    Info: Version 18.1.0 Build 625 09/12/2018 SJ Lite Edition
    Info: Processing started: Thu Oct 17 12:55:46 2019
Info: Command: quartus_map --read_settings_files=on --write_settings_files=off morse_encoder_main -c morse_encoder_main
Warning (18236): Number of processors has not been specified which may cause overloading on shared machines.  Set the global assignment NUM_PARALLEL_PROCESSORS in your QSF to an appropriate value for best performance.
Info (20030): Parallel compilation is enabled and will use 4 of the 4 processors detected
Warning (12125): Using design file morse_encoder_main.v, which is not specified as a design file for the current project, but contains definitions for 7 design units and 7 entities in project
    Info (12023): Found entity 1: morse_encoder_main File: /h/u10/c7/00/xiatingf/Desktop/csc258labs/Lab5/part3/morse_encoder_main.v Line: 1
    Info (12023): Found entity 2: LUT File: /h/u10/c7/00/xiatingf/Desktop/csc258labs/Lab5/part3/morse_encoder_main.v Line: 33
    Info (12023): Found entity 3: rate_divider File: /h/u10/c7/00/xiatingf/Desktop/csc258labs/Lab5/part3/morse_encoder_main.v Line: 53
    Info (12023): Found entity 4: shift_register File: /h/u10/c7/00/xiatingf/Desktop/csc258labs/Lab5/part3/morse_encoder_main.v Line: 70
    Info (12023): Found entity 5: ShifterBit File: /h/u10/c7/00/xiatingf/Desktop/csc258labs/Lab5/part3/morse_encoder_main.v Line: 239
    Info (12023): Found entity 6: mux2to1 File: /h/u10/c7/00/xiatingf/Desktop/csc258labs/Lab5/part3/morse_encoder_main.v Line: 278
    Info (12023): Found entity 7: d_flip_flop File: /h/u10/c7/00/xiatingf/Desktop/csc258labs/Lab5/part3/morse_encoder_main.v Line: 290
Info (12127): Elaborating entity "morse_encoder_main" for the top level hierarchy
Warning (10230): Verilog HDL assignment warning at morse_encoder_main.v(10): truncated value with size 32 to match size of target (1) File: /h/u10/c7/00/xiatingf/Desktop/csc258labs/Lab5/part3/morse_encoder_main.v Line: 10
Warning (10034): Output port "LEDR[9..1]" at morse_encoder_main.v(5) has no driver File: /h/u10/c7/00/xiatingf/Desktop/csc258labs/Lab5/part3/morse_encoder_main.v Line: 5
Info (12128): Elaborating entity "LUT" for hierarchy "LUT:block0" File: /h/u10/c7/00/xiatingf/Desktop/csc258labs/Lab5/part3/morse_encoder_main.v Line: 15
Info (12128): Elaborating entity "rate_divider" for hierarchy "rate_divider:block1" File: /h/u10/c7/00/xiatingf/Desktop/csc258labs/Lab5/part3/morse_encoder_main.v Line: 21
Warning (10230): Verilog HDL assignment warning at morse_encoder_main.v(61): truncated value with size 32 to match size of target (28) File: /h/u10/c7/00/xiatingf/Desktop/csc258labs/Lab5/part3/morse_encoder_main.v Line: 61
Warning (10230): Verilog HDL assignment warning at morse_encoder_main.v(63): truncated value with size 32 to match size of target (28) File: /h/u10/c7/00/xiatingf/Desktop/csc258labs/Lab5/part3/morse_encoder_main.v Line: 63
Warning (10230): Verilog HDL assignment warning at morse_encoder_main.v(65): truncated value with size 32 to match size of target (28) File: /h/u10/c7/00/xiatingf/Desktop/csc258labs/Lab5/part3/morse_encoder_main.v Line: 65
Info (12128): Elaborating entity "shift_register" for hierarchy "shift_register:block2" File: /h/u10/c7/00/xiatingf/Desktop/csc258labs/Lab5/part3/morse_encoder_main.v Line: 30
Warning (10230): Verilog HDL assignment warning at morse_encoder_main.v(81): truncated value with size 32 to match size of target (1) File: /h/u10/c7/00/xiatingf/Desktop/csc258labs/Lab5/part3/morse_encoder_main.v Line: 81
Info (12128): Elaborating entity "ShifterBit" for hierarchy "shift_register:block2|ShifterBit:sb12" File: /h/u10/c7/00/xiatingf/Desktop/csc258labs/Lab5/part3/morse_encoder_main.v Line: 92
Info (12128): Elaborating entity "mux2to1" for hierarchy "shift_register:block2|ShifterBit:sb12|mux2to1:mux1" File: /h/u10/c7/00/xiatingf/Desktop/csc258labs/Lab5/part3/morse_encoder_main.v Line: 257
Info (12128): Elaborating entity "d_flip_flop" for hierarchy "shift_register:block2|ShifterBit:sb12|d_flip_flop:dff" File: /h/u10/c7/00/xiatingf/Desktop/csc258labs/Lab5/part3/morse_encoder_main.v Line: 273
Warning (12241): 2 hierarchies have connectivity warnings - see the Connectivity Checks report folder
Warning (13024): Output pins are stuck at VCC or GND
    Warning (13410): Pin "LEDR[1]" is stuck at GND File: /h/u10/c7/00/xiatingf/Desktop/csc258labs/Lab5/part3/morse_encoder_main.v Line: 5
    Warning (13410): Pin "LEDR[2]" is stuck at GND File: /h/u10/c7/00/xiatingf/Desktop/csc258labs/Lab5/part3/morse_encoder_main.v Line: 5
    Warning (13410): Pin "LEDR[3]" is stuck at GND File: /h/u10/c7/00/xiatingf/Desktop/csc258labs/Lab5/part3/morse_encoder_main.v Line: 5
    Warning (13410): Pin "LEDR[4]" is stuck at GND File: /h/u10/c7/00/xiatingf/Desktop/csc258labs/Lab5/part3/morse_encoder_main.v Line: 5
    Warning (13410): Pin "LEDR[5]" is stuck at GND File: /h/u10/c7/00/xiatingf/Desktop/csc258labs/Lab5/part3/morse_encoder_main.v Line: 5
    Warning (13410): Pin "LEDR[6]" is stuck at GND File: /h/u10/c7/00/xiatingf/Desktop/csc258labs/Lab5/part3/morse_encoder_main.v Line: 5
    Warning (13410): Pin "LEDR[7]" is stuck at GND File: /h/u10/c7/00/xiatingf/Desktop/csc258labs/Lab5/part3/morse_encoder_main.v Line: 5
    Warning (13410): Pin "LEDR[8]" is stuck at GND File: /h/u10/c7/00/xiatingf/Desktop/csc258labs/Lab5/part3/morse_encoder_main.v Line: 5
    Warning (13410): Pin "LEDR[9]" is stuck at GND File: /h/u10/c7/00/xiatingf/Desktop/csc258labs/Lab5/part3/morse_encoder_main.v Line: 5
Info (286030): Timing-Driven Synthesis is running
Info (16010): Generating hard_block partition "hard_block:auto_generated_inst"
    Info (16011): Adding 0 node(s), including 0 DDIO, 0 PLL, 0 transceiver and 0 LCELL
Info (21057): Implemented 84 device resources after synthesis - the final resource count might be different
    Info (21058): Implemented 6 input pins
    Info (21059): Implemented 10 output pins
    Info (21061): Implemented 68 logic cells
Info: Quartus Prime Analysis & Synthesis was successful. 0 errors, 19 warnings
    Info: Peak virtual memory: 1049 megabytes
    Info: Processing ended: Thu Oct 17 12:56:02 2019
    Info: Elapsed time: 00:00:16
    Info: Total CPU time (on all processors): 00:00:23


