Analysis & Synthesis report for eight_bit_counter_main
Fri Jun 15 00:34:47 2018
Quartus Prime Version 16.0.0 Build 211 04/27/2016 SJ Lite Edition


---------------------
; Table of Contents ;
---------------------
  1. Legal Notice
  2. Analysis & Synthesis Summary
  3. Analysis & Synthesis Settings
  4. Parallel Compilation
  5. Analysis & Synthesis Source Files Read
  6. Analysis & Synthesis Resource Usage Summary
  7. Analysis & Synthesis Resource Utilization by Entity
  8. General Register Statistics
  9. Port Connectivity Checks: "eight_bit_counter:main0|t_flip_flop:block0"
 10. Port Connectivity Checks: "eight_bit_counter:main0|t_flip_flop:block1"
 11. Port Connectivity Checks: "eight_bit_counter:main0|t_flip_flop:block2"
 12. Port Connectivity Checks: "eight_bit_counter:main0|t_flip_flop:block3"
 13. Port Connectivity Checks: "eight_bit_counter:main0|t_flip_flop:block4"
 14. Port Connectivity Checks: "eight_bit_counter:main0|t_flip_flop:block5"
 15. Port Connectivity Checks: "eight_bit_counter:main0|t_flip_flop:block6"
 16. Port Connectivity Checks: "eight_bit_counter:main0|t_flip_flop:block7"
 17. Post-Synthesis Netlist Statistics for Top Partition
 18. Elapsed Time Per Partition
 19. Analysis & Synthesis Messages



----------------
; Legal Notice ;
----------------
Copyright (C) 1991-2016 Altera Corporation. All rights reserved.
Your use of Altera Corporation's design tools, logic functions 
and other software and tools, and its AMPP partner logic 
functions, and any output files from any of the foregoing 
(including device programming or simulation files), and any 
associated documentation or information are expressly subject 
to the terms and conditions of the Altera Program License 
Subscription Agreement, the Altera Quartus Prime License Agreement,
the Altera MegaCore Function License Agreement, or other 
applicable license agreement, including, without limitation, 
that your use is for the sole purpose of programming logic 
devices manufactured by Altera and sold by Altera or its 
authorized distributors.  Please refer to the applicable 
agreement for further details.



+-------------------------------------------------------------------------------+
; Analysis & Synthesis Summary                                                  ;
+---------------------------------+---------------------------------------------+
; Analysis & Synthesis Status     ; Successful - Fri Jun 15 00:34:47 2018       ;
; Quartus Prime Version           ; 16.0.0 Build 211 04/27/2016 SJ Lite Edition ;
; Revision Name                   ; eight_bit_counter_main                      ;
; Top-level Entity Name           ; eight_bit_counter_main                      ;
; Family                          ; Cyclone V                                   ;
; Logic utilization (in ALMs)     ; N/A                                         ;
; Total registers                 ; 8                                           ;
; Total pins                      ; 28                                          ;
; Total virtual pins              ; 0                                           ;
; Total block memory bits         ; 0                                           ;
; Total DSP Blocks                ; 0                                           ;
; Total HSSI RX PCSs              ; 0                                           ;
; Total HSSI PMA RX Deserializers ; 0                                           ;
; Total HSSI TX PCSs              ; 0                                           ;
; Total HSSI PMA TX Serializers   ; 0                                           ;
; Total PLLs                      ; 0                                           ;
; Total DLLs                      ; 0                                           ;
+---------------------------------+---------------------------------------------+


+-----------------------------------------------------------------------------------------------------------------------------------+
; Analysis & Synthesis Settings                                                                                                     ;
+---------------------------------------------------------------------------------+------------------------+------------------------+
; Option                                                                          ; Setting                ; Default Value          ;
+---------------------------------------------------------------------------------+------------------------+------------------------+
; Device                                                                          ; 5CSEMA5F31C6           ;                        ;
; Top-level entity name                                                           ; eight_bit_counter_main ; eight_bit_counter_main ;
; Family name                                                                     ; Cyclone V              ; Cyclone V              ;
; Use smart compilation                                                           ; Off                    ; Off                    ;
; Enable parallel Assembler and TimeQuest Timing Analyzer during compilation      ; On                     ; On                     ;
; Enable compact report table                                                     ; Off                    ; Off                    ;
; Restructure Multiplexers                                                        ; Auto                   ; Auto                   ;
; MLAB Add Timing Constraints For Mixed-Port Feed-Through Mode Setting Don't Care ; Off                    ; Off                    ;
; Create Debugging Nodes for IP Cores                                             ; Off                    ; Off                    ;
; Preserve fewer node names                                                       ; On                     ; On                     ;
; Disable OpenCore Plus hardware evaluation                                       ; Off                    ; Off                    ;
; Verilog Version                                                                 ; Verilog_2001           ; Verilog_2001           ;
; VHDL Version                                                                    ; VHDL_1993              ; VHDL_1993              ;
; State Machine Processing                                                        ; Auto                   ; Auto                   ;
; Safe State Machine                                                              ; Off                    ; Off                    ;
; Extract Verilog State Machines                                                  ; On                     ; On                     ;
; Extract VHDL State Machines                                                     ; On                     ; On                     ;
; Ignore Verilog initial constructs                                               ; Off                    ; Off                    ;
; Iteration limit for constant Verilog loops                                      ; 5000                   ; 5000                   ;
; Iteration limit for non-constant Verilog loops                                  ; 250                    ; 250                    ;
; Add Pass-Through Logic to Inferred RAMs                                         ; On                     ; On                     ;
; Infer RAMs from Raw Logic                                                       ; On                     ; On                     ;
; Parallel Synthesis                                                              ; On                     ; On                     ;
; DSP Block Balancing                                                             ; Auto                   ; Auto                   ;
; NOT Gate Push-Back                                                              ; On                     ; On                     ;
; Power-Up Don't Care                                                             ; On                     ; On                     ;
; Remove Redundant Logic Cells                                                    ; Off                    ; Off                    ;
; Remove Duplicate Registers                                                      ; On                     ; On                     ;
; Ignore CARRY Buffers                                                            ; Off                    ; Off                    ;
; Ignore CASCADE Buffers                                                          ; Off                    ; Off                    ;
; Ignore GLOBAL Buffers                                                           ; Off                    ; Off                    ;
; Ignore ROW GLOBAL Buffers                                                       ; Off                    ; Off                    ;
; Ignore LCELL Buffers                                                            ; Off                    ; Off                    ;
; Ignore SOFT Buffers                                                             ; On                     ; On                     ;
; Limit AHDL Integers to 32 Bits                                                  ; Off                    ; Off                    ;
; Optimization Technique                                                          ; Balanced               ; Balanced               ;
; Carry Chain Length                                                              ; 70                     ; 70                     ;
; Auto Carry Chains                                                               ; On                     ; On                     ;
; Auto Open-Drain Pins                                                            ; On                     ; On                     ;
; Perform WYSIWYG Primitive Resynthesis                                           ; Off                    ; Off                    ;
; Auto ROM Replacement                                                            ; On                     ; On                     ;
; Auto RAM Replacement                                                            ; On                     ; On                     ;
; Auto DSP Block Replacement                                                      ; On                     ; On                     ;
; Auto Shift Register Replacement                                                 ; Auto                   ; Auto                   ;
; Allow Shift Register Merging across Hierarchies                                 ; Auto                   ; Auto                   ;
; Auto Clock Enable Replacement                                                   ; On                     ; On                     ;
; Strict RAM Replacement                                                          ; Off                    ; Off                    ;
; Allow Synchronous Control Signals                                               ; On                     ; On                     ;
; Force Use of Synchronous Clear Signals                                          ; Off                    ; Off                    ;
; Auto Resource Sharing                                                           ; Off                    ; Off                    ;
; Allow Any RAM Size For Recognition                                              ; Off                    ; Off                    ;
; Allow Any ROM Size For Recognition                                              ; Off                    ; Off                    ;
; Allow Any Shift Register Size For Recognition                                   ; Off                    ; Off                    ;
; Use LogicLock Constraints during Resource Balancing                             ; On                     ; On                     ;
; Ignore translate_off and synthesis_off directives                               ; Off                    ; Off                    ;
; Timing-Driven Synthesis                                                         ; On                     ; On                     ;
; Report Parameter Settings                                                       ; On                     ; On                     ;
; Report Source Assignments                                                       ; On                     ; On                     ;
; Report Connectivity Checks                                                      ; On                     ; On                     ;
; Ignore Maximum Fan-Out Assignments                                              ; Off                    ; Off                    ;
; Synchronization Register Chain Length                                           ; 3                      ; 3                      ;
; PowerPlay Power Optimization During Synthesis                                   ; Normal compilation     ; Normal compilation     ;
; HDL message level                                                               ; Level2                 ; Level2                 ;
; Suppress Register Optimization Related Messages                                 ; Off                    ; Off                    ;
; Number of Removed Registers Reported in Synthesis Report                        ; 5000                   ; 5000                   ;
; Number of Swept Nodes Reported in Synthesis Report                              ; 5000                   ; 5000                   ;
; Number of Inverted Registers Reported in Synthesis Report                       ; 100                    ; 100                    ;
; Clock MUX Protection                                                            ; On                     ; On                     ;
; Auto Gated Clock Conversion                                                     ; Off                    ; Off                    ;
; Block Design Naming                                                             ; Auto                   ; Auto                   ;
; SDC constraint protection                                                       ; Off                    ; Off                    ;
; Synthesis Effort                                                                ; Auto                   ; Auto                   ;
; Shift Register Replacement - Allow Asynchronous Clear Signal                    ; On                     ; On                     ;
; Pre-Mapping Resynthesis Optimization                                            ; Off                    ; Off                    ;
; Analysis & Synthesis Message Level                                              ; Medium                 ; Medium                 ;
; Disable Register Merging Across Hierarchies                                     ; Auto                   ; Auto                   ;
; Resource Aware Inference For Block RAM                                          ; On                     ; On                     ;
; Synthesis Seed                                                                  ; 1                      ; 1                      ;
; Automatic Parallel Synthesis                                                    ; On                     ; On                     ;
; Partial Reconfiguration Bitstream ID                                            ; Off                    ; Off                    ;
+---------------------------------------------------------------------------------+------------------------+------------------------+


Parallel compilation was disabled, but you have multiple processors available. Enable parallel compilation to reduce compilation time.
+-------------------------------------+
; Parallel Compilation                ;
+----------------------------+--------+
; Processors                 ; Number ;
+----------------------------+--------+
; Number detected on machine ; 8      ;
; Maximum allowed            ; 1      ;
+----------------------------+--------+


+------------------------------------------------------------------------------------------------------------------------------------------------------+
; Analysis & Synthesis Source Files Read                                                                                                               ;
+----------------------------------+-----------------+------------------------+--------------------------------------------------------------+---------+
; File Name with User-Entered Path ; Used in Netlist ; File Type              ; File Name with Absolute Path                                 ; Library ;
+----------------------------------+-----------------+------------------------+--------------------------------------------------------------+---------+
; eight_bit_counter_main.v         ; yes             ; User Verilog HDL File  ; D:/University/CSC258/Lab/Lab5/Part1/eight_bit_counter_main.v ;         ;
+----------------------------------+-----------------+------------------------+--------------------------------------------------------------+---------+


+---------------------------------------------------------------------------------------------------------------+
; Analysis & Synthesis Resource Usage Summary                                                                   ;
+---------------------------------------------+-----------------------------------------------------------------+
; Resource                                    ; Usage                                                           ;
+---------------------------------------------+-----------------------------------------------------------------+
; Estimate of Logic utilization (ALMs needed) ; 12                                                              ;
;                                             ;                                                                 ;
; Combinational ALUT usage for logic          ; 23                                                              ;
;     -- 7 input functions                    ; 0                                                               ;
;     -- 6 input functions                    ; 1                                                               ;
;     -- 5 input functions                    ; 3                                                               ;
;     -- 4 input functions                    ; 16                                                              ;
;     -- <=3 input functions                  ; 3                                                               ;
;                                             ;                                                                 ;
; Dedicated logic registers                   ; 8                                                               ;
;                                             ;                                                                 ;
; I/O pins                                    ; 28                                                              ;
;                                             ;                                                                 ;
; Total DSP Blocks                            ; 0                                                               ;
;                                             ;                                                                 ;
; Maximum fan-out node                        ; eight_bit_counter:main0|t_flip_flop:block7|d_flip_flop:block1|q ;
; Maximum fan-out                             ; 13                                                              ;
; Total fan-out                               ; 159                                                             ;
; Average fan-out                             ; 1.83                                                            ;
+---------------------------------------------+-----------------------------------------------------------------+


+------------------------------------------------------------------------------------------------------------------------------------------------------------------------------------------------------------------------------------------------------------+
; Analysis & Synthesis Resource Utilization by Entity                                                                                                                                                                                                        ;
+----------------------------------+-------------------+--------------+-------------------+------------+------+--------------+---------------------------------------------------------------------------------------+------------------------+--------------+
; Compilation Hierarchy Node       ; LC Combinationals ; LC Registers ; Block Memory Bits ; DSP Blocks ; Pins ; Virtual Pins ; Full Hierarchy Name                                                                   ; Entity Name            ; Library Name ;
+----------------------------------+-------------------+--------------+-------------------+------------+------+--------------+---------------------------------------------------------------------------------------+------------------------+--------------+
; |eight_bit_counter_main          ; 23 (0)            ; 8 (0)        ; 0                 ; 0          ; 28   ; 0            ; |eight_bit_counter_main                                                               ; eight_bit_counter_main ; work         ;
;    |eight_bit_counter:main0|     ; 9 (0)             ; 8 (0)        ; 0                 ; 0          ; 0    ; 0            ; |eight_bit_counter_main|eight_bit_counter:main0                                       ; eight_bit_counter      ; work         ;
;       |t_flip_flop:block0|       ; 1 (0)             ; 1 (0)        ; 0                 ; 0          ; 0    ; 0            ; |eight_bit_counter_main|eight_bit_counter:main0|t_flip_flop:block0                    ; t_flip_flop            ; work         ;
;          |d_flip_flop:block1|    ; 1 (1)             ; 1 (1)        ; 0                 ; 0          ; 0    ; 0            ; |eight_bit_counter_main|eight_bit_counter:main0|t_flip_flop:block0|d_flip_flop:block1 ; d_flip_flop            ; work         ;
;       |t_flip_flop:block1|       ; 1 (0)             ; 1 (0)        ; 0                 ; 0          ; 0    ; 0            ; |eight_bit_counter_main|eight_bit_counter:main0|t_flip_flop:block1                    ; t_flip_flop            ; work         ;
;          |d_flip_flop:block1|    ; 1 (1)             ; 1 (1)        ; 0                 ; 0          ; 0    ; 0            ; |eight_bit_counter_main|eight_bit_counter:main0|t_flip_flop:block1|d_flip_flop:block1 ; d_flip_flop            ; work         ;
;       |t_flip_flop:block2|       ; 1 (0)             ; 1 (0)        ; 0                 ; 0          ; 0    ; 0            ; |eight_bit_counter_main|eight_bit_counter:main0|t_flip_flop:block2                    ; t_flip_flop            ; work         ;
;          |d_flip_flop:block1|    ; 1 (1)             ; 1 (1)        ; 0                 ; 0          ; 0    ; 0            ; |eight_bit_counter_main|eight_bit_counter:main0|t_flip_flop:block2|d_flip_flop:block1 ; d_flip_flop            ; work         ;
;       |t_flip_flop:block3|       ; 1 (0)             ; 1 (0)        ; 0                 ; 0          ; 0    ; 0            ; |eight_bit_counter_main|eight_bit_counter:main0|t_flip_flop:block3                    ; t_flip_flop            ; work         ;
;          |d_flip_flop:block1|    ; 1 (1)             ; 1 (1)        ; 0                 ; 0          ; 0    ; 0            ; |eight_bit_counter_main|eight_bit_counter:main0|t_flip_flop:block3|d_flip_flop:block1 ; d_flip_flop            ; work         ;
;       |t_flip_flop:block4|       ; 2 (1)             ; 1 (0)        ; 0                 ; 0          ; 0    ; 0            ; |eight_bit_counter_main|eight_bit_counter:main0|t_flip_flop:block4                    ; t_flip_flop            ; work         ;
;          |d_flip_flop:block1|    ; 1 (1)             ; 1 (1)        ; 0                 ; 0          ; 0    ; 0            ; |eight_bit_counter_main|eight_bit_counter:main0|t_flip_flop:block4|d_flip_flop:block1 ; d_flip_flop            ; work         ;
;       |t_flip_flop:block5|       ; 1 (0)             ; 1 (0)        ; 0                 ; 0          ; 0    ; 0            ; |eight_bit_counter_main|eight_bit_counter:main0|t_flip_flop:block5                    ; t_flip_flop            ; work         ;
;          |d_flip_flop:block1|    ; 1 (1)             ; 1 (1)        ; 0                 ; 0          ; 0    ; 0            ; |eight_bit_counter_main|eight_bit_counter:main0|t_flip_flop:block5|d_flip_flop:block1 ; d_flip_flop            ; work         ;
;       |t_flip_flop:block6|       ; 1 (0)             ; 1 (0)        ; 0                 ; 0          ; 0    ; 0            ; |eight_bit_counter_main|eight_bit_counter:main0|t_flip_flop:block6                    ; t_flip_flop            ; work         ;
;          |d_flip_flop:block1|    ; 1 (1)             ; 1 (1)        ; 0                 ; 0          ; 0    ; 0            ; |eight_bit_counter_main|eight_bit_counter:main0|t_flip_flop:block6|d_flip_flop:block1 ; d_flip_flop            ; work         ;
;       |t_flip_flop:block7|       ; 1 (0)             ; 1 (0)        ; 0                 ; 0          ; 0    ; 0            ; |eight_bit_counter_main|eight_bit_counter:main0|t_flip_flop:block7                    ; t_flip_flop            ; work         ;
;          |d_flip_flop:block1|    ; 1 (1)             ; 1 (1)        ; 0                 ; 0          ; 0    ; 0            ; |eight_bit_counter_main|eight_bit_counter:main0|t_flip_flop:block7|d_flip_flop:block1 ; d_flip_flop            ; work         ;
;    |seven_segment_decoder:main1| ; 7 (7)             ; 0 (0)        ; 0                 ; 0          ; 0    ; 0            ; |eight_bit_counter_main|seven_segment_decoder:main1                                   ; seven_segment_decoder  ; work         ;
;    |seven_segment_decoder:main2| ; 7 (7)             ; 0 (0)        ; 0                 ; 0          ; 0    ; 0            ; |eight_bit_counter_main|seven_segment_decoder:main2                                   ; seven_segment_decoder  ; work         ;
+----------------------------------+-------------------+--------------+-------------------+------------+------+--------------+---------------------------------------------------------------------------------------+------------------------+--------------+
Note: For table entries with two numbers listed, the numbers in parentheses indicate the number of resources of the given type used by the specific entity alone. The numbers listed outside of parentheses indicate the total resources of the given type used by the specific entity and all of its sub-entities in the hierarchy.


+------------------------------------------------------+
; General Register Statistics                          ;
+----------------------------------------------+-------+
; Statistic                                    ; Value ;
+----------------------------------------------+-------+
; Total registers                              ; 8     ;
; Number of registers using Synchronous Clear  ; 0     ;
; Number of registers using Synchronous Load   ; 0     ;
; Number of registers using Asynchronous Clear ; 8     ;
; Number of registers using Asynchronous Load  ; 0     ;
; Number of registers using Clock Enable       ; 0     ;
; Number of registers using Preset             ; 0     ;
+----------------------------------------------+-------+


+--------------------------------------------------------------------------------------------------------------------------------------+
; Port Connectivity Checks: "eight_bit_counter:main0|t_flip_flop:block0"                                                               ;
+-------+--------+----------+----------------------------------------------------------------------------------------------------------+
; Port  ; Type   ; Severity ; Details                                                                                                  ;
+-------+--------+----------+----------------------------------------------------------------------------------------------------------+
; not_Q ; Output ; Warning  ; Declared by entity but not connected by instance. Logic that only feeds a dangling port will be removed. ;
+-------+--------+----------+----------------------------------------------------------------------------------------------------------+


+--------------------------------------------------------------------------------------------------------------------------------------+
; Port Connectivity Checks: "eight_bit_counter:main0|t_flip_flop:block1"                                                               ;
+-------+--------+----------+----------------------------------------------------------------------------------------------------------+
; Port  ; Type   ; Severity ; Details                                                                                                  ;
+-------+--------+----------+----------------------------------------------------------------------------------------------------------+
; not_Q ; Output ; Warning  ; Declared by entity but not connected by instance. Logic that only feeds a dangling port will be removed. ;
+-------+--------+----------+----------------------------------------------------------------------------------------------------------+


+--------------------------------------------------------------------------------------------------------------------------------------+
; Port Connectivity Checks: "eight_bit_counter:main0|t_flip_flop:block2"                                                               ;
+-------+--------+----------+----------------------------------------------------------------------------------------------------------+
; Port  ; Type   ; Severity ; Details                                                                                                  ;
+-------+--------+----------+----------------------------------------------------------------------------------------------------------+
; not_Q ; Output ; Warning  ; Declared by entity but not connected by instance. Logic that only feeds a dangling port will be removed. ;
+-------+--------+----------+----------------------------------------------------------------------------------------------------------+


+--------------------------------------------------------------------------------------------------------------------------------------+
; Port Connectivity Checks: "eight_bit_counter:main0|t_flip_flop:block3"                                                               ;
+-------+--------+----------+----------------------------------------------------------------------------------------------------------+
; Port  ; Type   ; Severity ; Details                                                                                                  ;
+-------+--------+----------+----------------------------------------------------------------------------------------------------------+
; not_Q ; Output ; Warning  ; Declared by entity but not connected by instance. Logic that only feeds a dangling port will be removed. ;
+-------+--------+----------+----------------------------------------------------------------------------------------------------------+


+--------------------------------------------------------------------------------------------------------------------------------------+
; Port Connectivity Checks: "eight_bit_counter:main0|t_flip_flop:block4"                                                               ;
+-------+--------+----------+----------------------------------------------------------------------------------------------------------+
; Port  ; Type   ; Severity ; Details                                                                                                  ;
+-------+--------+----------+----------------------------------------------------------------------------------------------------------+
; not_Q ; Output ; Warning  ; Declared by entity but not connected by instance. Logic that only feeds a dangling port will be removed. ;
+-------+--------+----------+----------------------------------------------------------------------------------------------------------+


+--------------------------------------------------------------------------------------------------------------------------------------+
; Port Connectivity Checks: "eight_bit_counter:main0|t_flip_flop:block5"                                                               ;
+-------+--------+----------+----------------------------------------------------------------------------------------------------------+
; Port  ; Type   ; Severity ; Details                                                                                                  ;
+-------+--------+----------+----------------------------------------------------------------------------------------------------------+
; not_Q ; Output ; Warning  ; Declared by entity but not connected by instance. Logic that only feeds a dangling port will be removed. ;
+-------+--------+----------+----------------------------------------------------------------------------------------------------------+


+--------------------------------------------------------------------------------------------------------------------------------------+
; Port Connectivity Checks: "eight_bit_counter:main0|t_flip_flop:block6"                                                               ;
+-------+--------+----------+----------------------------------------------------------------------------------------------------------+
; Port  ; Type   ; Severity ; Details                                                                                                  ;
+-------+--------+----------+----------------------------------------------------------------------------------------------------------+
; not_Q ; Output ; Warning  ; Declared by entity but not connected by instance. Logic that only feeds a dangling port will be removed. ;
+-------+--------+----------+----------------------------------------------------------------------------------------------------------+


+--------------------------------------------------------------------------------------------------------------------------------------+
; Port Connectivity Checks: "eight_bit_counter:main0|t_flip_flop:block7"                                                               ;
+-------+--------+----------+----------------------------------------------------------------------------------------------------------+
; Port  ; Type   ; Severity ; Details                                                                                                  ;
+-------+--------+----------+----------------------------------------------------------------------------------------------------------+
; not_Q ; Output ; Warning  ; Declared by entity but not connected by instance. Logic that only feeds a dangling port will be removed. ;
+-------+--------+----------+----------------------------------------------------------------------------------------------------------+


+-----------------------------------------------------+
; Post-Synthesis Netlist Statistics for Top Partition ;
+-----------------------+-----------------------------+
; Type                  ; Count                       ;
+-----------------------+-----------------------------+
; arriav_ff             ; 8                           ;
;     CLR               ; 8                           ;
; arriav_lcell_comb     ; 23                          ;
;     normal            ; 23                          ;
;         2 data inputs ; 1                           ;
;         3 data inputs ; 2                           ;
;         4 data inputs ; 16                          ;
;         5 data inputs ; 3                           ;
;         6 data inputs ; 1                           ;
; boundary_port         ; 28                          ;
;                       ;                             ;
; Max LUT depth         ; 2.00                        ;
; Average LUT depth     ; 1.21                        ;
+-----------------------+-----------------------------+


+-------------------------------+
; Elapsed Time Per Partition    ;
+----------------+--------------+
; Partition Name ; Elapsed Time ;
+----------------+--------------+
; Top            ; 00:00:00     ;
+----------------+--------------+


+-------------------------------+
; Analysis & Synthesis Messages ;
+-------------------------------+
Info: *******************************************************************
Info: Running Quartus Prime Analysis & Synthesis
    Info: Version 16.0.0 Build 211 04/27/2016 SJ Lite Edition
    Info: Processing started: Fri Jun 15 00:34:36 2018
Info: Command: quartus_map --read_settings_files=on --write_settings_files=off eight_bit_counter_main -c eight_bit_counter_main
Warning (20028): Parallel compilation is not licensed and has been disabled
Info (12021): Found 5 design units, including 5 entities, in source file eight_bit_counter_main.v
    Info (12023): Found entity 1: eight_bit_counter_main File: D:/University/CSC258/Lab/Lab5/Part1/eight_bit_counter_main.v Line: 1
    Info (12023): Found entity 2: seven_segment_decoder File: D:/University/CSC258/Lab/Lab5/Part1/eight_bit_counter_main.v Line: 29
    Info (12023): Found entity 3: eight_bit_counter File: D:/University/CSC258/Lab/Lab5/Part1/eight_bit_counter_main.v Line: 43
    Info (12023): Found entity 4: t_flip_flop File: D:/University/CSC258/Lab/Lab5/Part1/eight_bit_counter_main.v Line: 117
    Info (12023): Found entity 5: d_flip_flop File: D:/University/CSC258/Lab/Lab5/Part1/eight_bit_counter_main.v Line: 141
Info (12127): Elaborating entity "eight_bit_counter_main" for the top level hierarchy
Info (12128): Elaborating entity "eight_bit_counter" for hierarchy "eight_bit_counter:main0" File: D:/University/CSC258/Lab/Lab5/Part1/eight_bit_counter_main.v Line: 14
Warning (10036): Verilog HDL or VHDL warning at eight_bit_counter_main.v(56): object "tff0_out" assigned a value but never read File: D:/University/CSC258/Lab/Lab5/Part1/eight_bit_counter_main.v Line: 56
Info (12128): Elaborating entity "t_flip_flop" for hierarchy "eight_bit_counter:main0|t_flip_flop:block7" File: D:/University/CSC258/Lab/Lab5/Part1/eight_bit_counter_main.v Line: 63
Info (12128): Elaborating entity "d_flip_flop" for hierarchy "eight_bit_counter:main0|t_flip_flop:block7|d_flip_flop:block1" File: D:/University/CSC258/Lab/Lab5/Part1/eight_bit_counter_main.v Line: 134
Info (12128): Elaborating entity "seven_segment_decoder" for hierarchy "seven_segment_decoder:main1" File: D:/University/CSC258/Lab/Lab5/Part1/eight_bit_counter_main.v Line: 19
Warning (12241): 8 hierarchies have connectivity warnings - see the Connectivity Checks report folder
Info (286030): Timing-Driven Synthesis is running
Info (16010): Generating hard_block partition "hard_block:auto_generated_inst"
    Info (16011): Adding 0 node(s), including 0 DDIO, 0 PLL, 0 transceiver and 0 LCELL
Warning (21074): Design contains 11 input pin(s) that do not drive logic
    Warning (15610): No output dependent on input pin "SW[2]" File: D:/University/CSC258/Lab/Lab5/Part1/eight_bit_counter_main.v Line: 2
    Warning (15610): No output dependent on input pin "SW[3]" File: D:/University/CSC258/Lab/Lab5/Part1/eight_bit_counter_main.v Line: 2
    Warning (15610): No output dependent on input pin "SW[4]" File: D:/University/CSC258/Lab/Lab5/Part1/eight_bit_counter_main.v Line: 2
    Warning (15610): No output dependent on input pin "SW[5]" File: D:/University/CSC258/Lab/Lab5/Part1/eight_bit_counter_main.v Line: 2
    Warning (15610): No output dependent on input pin "SW[6]" File: D:/University/CSC258/Lab/Lab5/Part1/eight_bit_counter_main.v Line: 2
    Warning (15610): No output dependent on input pin "SW[7]" File: D:/University/CSC258/Lab/Lab5/Part1/eight_bit_counter_main.v Line: 2
    Warning (15610): No output dependent on input pin "SW[8]" File: D:/University/CSC258/Lab/Lab5/Part1/eight_bit_counter_main.v Line: 2
    Warning (15610): No output dependent on input pin "SW[9]" File: D:/University/CSC258/Lab/Lab5/Part1/eight_bit_counter_main.v Line: 2
    Warning (15610): No output dependent on input pin "KEY[1]" File: D:/University/CSC258/Lab/Lab5/Part1/eight_bit_counter_main.v Line: 3
    Warning (15610): No output dependent on input pin "KEY[2]" File: D:/University/CSC258/Lab/Lab5/Part1/eight_bit_counter_main.v Line: 3
    Warning (15610): No output dependent on input pin "KEY[3]" File: D:/University/CSC258/Lab/Lab5/Part1/eight_bit_counter_main.v Line: 3
Info (21057): Implemented 51 device resources after synthesis - the final resource count might be different
    Info (21058): Implemented 14 input pins
    Info (21059): Implemented 14 output pins
    Info (21061): Implemented 23 logic cells
Info: Quartus Prime Analysis & Synthesis was successful. 0 errors, 15 warnings
    Info: Peak virtual memory: 944 megabytes
    Info: Processing ended: Fri Jun 15 00:34:47 2018
    Info: Elapsed time: 00:00:11
    Info: Total CPU time (on all processors): 00:00:26


